2026-04-03 02:20:32,637 [ERROR] LogOutputStream:75 - [STDERR_REDIRECT] 
2026-04-03 19:11:58,892 [INFO] Activator:176 - 


2026-04-03 19:11:58,896 [INFO] Activator:177 - !SESSION log4j initialized
2026-04-03 19:12:03,666 [INFO] LogOutputStream:77 - [STDOUT_REDIRECT] 
2026-04-03 19:12:10,230 [INFO] ApplicationProperties:184 - Using Application install path: C:\ST\STM32CubeIDE_1.19.0\STM32CubeIDE\plugins\com.st.stm32cube.common.mx_6.15.0.202507011659
2026-04-03 19:12:10,243 [INFO] DbMcusXml:78 - Set database path to: C:\ST\STM32CubeIDE_1.19.0\STM32CubeIDE\plugins\com.st.stm32cube.common.mx_6.15.0.202507011659\\db\/mcu/
2026-04-03 19:12:10,243 [INFO] ApiDb:274 - Set plugin database path to: C:\ST\STM32CubeIDE_1.19.0\STM32CubeIDE\plugins\com.st.stm32cube.common.mx_6.15.0.202507011659\\db\/plugins/boardmanager/
2026-04-03 19:12:10,244 [WARN] ApiDb:259 - Overriding images path with different value:  => C:\ST\STM32CubeIDE_1.19.0\STM32CubeIDE\plugins\com.st.stm32cube.common.mx_6.15.0.202507011659\\db\/plugins/mcufinder/images/
2026-04-03 19:12:10,261 [INFO] ApiDb:250 - Set database path to: C:\Users\USER\.stmcufinder\plugins\mcufinder//mcu/
2026-04-03 19:12:10,263 [INFO] DbMcusAds:125 - Set database path to: C:\Users\USER\.stmcufinder\plugins\mcufinder//mcu/
2026-04-03 19:12:10,264 [INFO] CrossReferenceDbSqlite:203 - Set database path to: C:\Users\USER\.stmcufinder\plugins\mcufinder//mcu/cs/
2026-04-03 19:12:10,372 [INFO] RulesReader:64 - Compatibility file has been processed (317 Rules)
2026-04-03 19:12:10,435 [INFO] DbMcusXml:78 - Set database path to: C:\ST\STM32CubeIDE_1.19.0\STM32CubeIDE\plugins\com.st.stm32cube.common.mx_6.15.0.202507011659\\db\/mcu/
2026-04-03 19:12:10,435 [INFO] ApiDb:274 - Set plugin database path to: C:\ST\STM32CubeIDE_1.19.0\STM32CubeIDE\plugins\com.st.stm32cube.common.mx_6.15.0.202507011659\\db\/plugins/boardmanager/
2026-04-03 19:12:10,435 [INFO] ApiDb:261 - Set plugin images path to: C:\ST\STM32CubeIDE_1.19.0\STM32CubeIDE\plugins\com.st.stm32cube.common.mx_6.15.0.202507011659\\db\/plugins/mcufinder/images/
2026-04-03 19:12:10,435 [WARN] DbFile:41 - Overriding database path with different value: C:\Users\USER\.stmcufinder\plugins\mcufinder/ => C:\Users\USER\.stmcufinder\plugins\mcufinder
2026-04-03 19:12:10,435 [INFO] ApiDb:250 - Set database path to: C:\Users\USER\.stmcufinder\plugins\mcufinder//mcu/
2026-04-03 19:12:10,435 [WARN] DbFile:41 - Overriding database path with different value: C:\Users\USER\.stmcufinder\plugins\mcufinder/ => C:\Users\USER\.stmcufinder\plugins\mcufinder
2026-04-03 19:12:10,435 [INFO] DbMcusAds:125 - Set database path to: C:\Users\USER\.stmcufinder\plugins\mcufinder//mcu/
2026-04-03 19:12:10,435 [WARN] DbFile:41 - Overriding database path with different value: C:\Users\USER\.stmcufinder\plugins\mcufinder/ => C:\Users\USER\.stmcufinder\plugins\mcufinder
2026-04-03 19:12:10,435 [WARN] DbFile:41 - Overriding database path with different value: C:\Users\USER\.stmcufinder\plugins\mcufinder/ => C:\Users\USER\.stmcufinder\plugins\mcufinder
2026-04-03 19:12:10,435 [INFO] CrossReferenceDbSqlite:203 - Set database path to: C:\Users\USER\.stmcufinder\plugins\mcufinder//mcu/cs/
2026-04-03 19:12:10,495 [INFO] MainPanel:274 - HeapMemory: 268435456
2026-04-03 19:12:10,599 [INFO] DbMcusXml:78 - Set database path to: C:\ST\STM32CubeIDE_1.19.0\STM32CubeIDE\plugins\com.st.stm32cube.common.mx_6.15.0.202507011659\\db\/mcu/
2026-04-03 19:12:10,599 [INFO] ApiDb:274 - Set plugin database path to: C:\ST\STM32CubeIDE_1.19.0\STM32CubeIDE\plugins\com.st.stm32cube.common.mx_6.15.0.202507011659\\db\/plugins/boardmanager/
2026-04-03 19:12:10,599 [INFO] ApiDb:261 - Set plugin images path to: C:\ST\STM32CubeIDE_1.19.0\STM32CubeIDE\plugins\com.st.stm32cube.common.mx_6.15.0.202507011659\\db\/plugins/mcufinder/images/
2026-04-03 19:12:10,599 [WARN] DbFile:41 - Overriding database path with different value: C:\Users\USER\.stmcufinder\plugins\mcufinder/ => C:\Users\USER\.stmcufinder\plugins\mcufinder
2026-04-03 19:12:10,599 [INFO] ApiDb:250 - Set database path to: C:\Users\USER\.stmcufinder\plugins\mcufinder//mcu/
2026-04-03 19:12:10,599 [WARN] DbFile:41 - Overriding database path with different value: C:\Users\USER\.stmcufinder\plugins\mcufinder/ => C:\Users\USER\.stmcufinder\plugins\mcufinder
2026-04-03 19:12:10,600 [INFO] DbMcusAds:125 - Set database path to: C:\Users\USER\.stmcufinder\plugins\mcufinder//mcu/
2026-04-03 19:12:10,600 [WARN] DbFile:41 - Overriding database path with different value: C:\Users\USER\.stmcufinder\plugins\mcufinder/ => C:\Users\USER\.stmcufinder\plugins\mcufinder
2026-04-03 19:12:10,600 [WARN] DbFile:41 - Overriding database path with different value: C:\Users\USER\.stmcufinder\plugins\mcufinder/ => C:\Users\USER\.stmcufinder\plugins\mcufinder
2026-04-03 19:12:10,600 [INFO] CrossReferenceDbSqlite:203 - Set database path to: C:\Users\USER\.stmcufinder\plugins\mcufinder//mcu/cs/
2026-04-03 19:12:10,612 [INFO] ApplicationProperties:184 - Using Application install path: C:\ST\STM32CubeIDE_1.19.0\STM32CubeIDE\plugins\com.st.stm32cube.common.mx_6.15.0.202507011659
2026-04-03 19:12:10,613 [INFO] PluginManage:196 - Search for loadable plugins [exclusion list=, ]
2026-04-03 19:12:10,615 [INFO] PluginManage:310 - Check plugin analytics
2026-04-03 19:12:16,164 [INFO] AnalyticsPlugin:253 - Accepted Software Licenses: STM32CubeMX.6.16.1
2026-04-03 19:12:16,164 [INFO] AnalyticsPlugin:255 - Accepted CMSIS Pack Licenses: 
2026-04-03 19:12:16,164 [INFO] AnalyticsPlugin:257 - Accepted Firmware Licenses: FW.F4.1.28.0
2026-04-03 19:12:16,165 [INFO] PluginManage:359 - Loaded plugin analytics (category:tool,tabindex:-1)
2026-04-03 19:12:16,165 [INFO] PluginManage:310 - Check plugin cadmodel
2026-04-03 19:12:16,180 [INFO] CADModel:105 - Init CAD model plugin
2026-04-03 19:12:16,181 [INFO] PluginManage:359 - Loaded plugin cadmodel (category:power,tabindex:5)
2026-04-03 19:12:16,181 [INFO] PluginManage:310 - Check plugin clock
2026-04-03 19:12:16,195 [INFO] PluginManage:359 - Loaded plugin clock (category:base,tabindex:2)
2026-04-03 19:12:16,195 [INFO] PluginManage:310 - Check plugin ddr
2026-04-03 19:12:16,198 [INFO] PluginManage:359 - Loaded plugin ddr (category:tool,tabindex:6)
2026-04-03 19:12:16,198 [INFO] PluginManage:310 - Check plugin filemanager
2026-04-03 19:12:16,296 [INFO] PluginManage:359 - Loaded plugin filemanager (category:base,tabindex:10)
2026-04-03 19:12:16,296 [INFO] PluginManage:310 - Check plugin ipmanager
2026-04-03 19:12:16,300 [INFO] PluginManage:359 - Loaded plugin ipmanager (category:base,tabindex:5)
2026-04-03 19:12:16,300 [INFO] PluginManage:310 - Check plugin lpbam
2026-04-03 19:12:16,314 [INFO] PluginManage:359 - Loaded plugin lpbam (category:base,tabindex:0)
2026-04-03 19:12:16,314 [INFO] PluginManage:310 - Check plugin memorymap
2026-04-03 19:12:16,345 [INFO] PluginManage:359 - Loaded plugin memorymap (category:base,tabindex:4)
2026-04-03 19:12:16,345 [INFO] PluginManage:310 - Check plugin pinoutandconfiguration
2026-04-03 19:12:16,363 [INFO] PluginManage:359 - Loaded plugin pinoutandconfiguration (category:base,tabindex:1)
2026-04-03 19:12:16,363 [INFO] PluginManage:310 - Check plugin pinoutconfig
2026-04-03 19:12:16,427 [WARN] SupportedApi:132 - Cannot load RTOS API schema: s4s-elt-must-match.1: The content of 'definitions' must match (annotation?, (simpleType | complexType)?, (unique | key | keyref)*)). A problem was found starting at: attribute.
2026-04-03 19:12:16,510 [INFO] PluginManage:359 - Loaded plugin pinoutconfig (category:base,tabindex:0)
2026-04-03 19:12:16,510 [INFO] PluginManage:310 - Check plugin power
2026-04-03 19:12:16,527 [INFO] PluginManage:359 - Loaded plugin power (category:power,tabindex:4)
2026-04-03 19:12:16,527 [INFO] PluginManage:310 - Check plugin projectmanager
2026-04-03 19:12:16,537 [INFO] PluginManage:359 - Loaded plugin projectmanager (category:projectmanager,tabindex:4)
2026-04-03 19:12:16,537 [INFO] PluginManage:310 - Check plugin rif
2026-04-03 19:12:16,553 [INFO] PluginManage:359 - Loaded plugin rif (category:base,tabindex:3)
2026-04-03 19:12:16,554 [INFO] PluginManage:310 - Check plugin thirdparty
2026-04-03 19:12:16,767 [INFO] PluginManage:359 - Loaded plugin thirdparty (category:base,tabindex:-1)
2026-04-03 19:12:16,767 [WARN] IntegrityCheckThread:84 - waiting for thirdparty lock release [integrity check]
2026-04-03 19:12:16,767 [INFO] IntegrityCheckThread:86 - entering critical section [integrity check]
2026-04-03 19:12:16,767 [INFO] PluginManage:310 - Check plugin tools
2026-04-03 19:12:16,767 [INFO] ThirdPartyUpdaterWithRetryManager:70 - Updater plugin not ready yet. [1/15]
2026-04-03 19:12:16,793 [INFO] PluginManage:359 - Loaded plugin tools (category:base,tabindex:7)
2026-04-03 19:12:16,793 [INFO] PluginManage:310 - Check plugin tutovideos
2026-04-03 19:12:16,949 [INFO] PluginManage:359 - Loaded plugin tutovideos (category:base,tabindex:-1)
2026-04-03 19:12:16,949 [INFO] PluginManage:310 - Check plugin updater
2026-04-03 19:12:16,964 [INFO] PluginManage:359 - Loaded plugin updater (category:base,tabindex:12)
2026-04-03 19:12:16,964 [INFO] PluginManage:310 - Check plugin userauth
2026-04-03 19:12:16,967 [INFO] UserAuth:118 - Init User Auth plugin
2026-04-03 19:12:16,967 [INFO] PluginManage:359 - Loaded plugin userauth (category:base,tabindex:14)
2026-04-03 19:12:16,968 [INFO] PluginManage:283 - PluginManage : Loaded plugins [18]
2026-04-03 19:12:17,109 [INFO] PinOutPanel:1589 - setPackage(No Configuration,No Configuration)
2026-04-03 19:12:17,170 [INFO] CADModel:165 - CPN selected for project level
2026-04-03 19:12:17,170 [INFO] CADModel:114 - Register for checkConnection events
2026-04-03 19:12:17,193 [INFO] IPUIPlugin:80 - create IPUIPlugin
2026-04-03 19:12:17,193 [INFO] PluginManager:220 - loadIPPluginJar : add adc
2026-04-03 19:12:17,224 [INFO] IPUIPlugin:80 - create IPUIPlugin
2026-04-03 19:12:17,224 [INFO] PluginManager:220 - loadIPPluginJar : add aes
2026-04-03 19:12:17,258 [INFO] IPUIPlugin:80 - create IPUIPlugin
2026-04-03 19:12:17,258 [INFO] PluginManager:220 - loadIPPluginJar : add can
2026-04-03 19:12:17,280 [INFO] IPUIPlugin:80 - create IPUIPlugin
2026-04-03 19:12:17,280 [INFO] PluginManager:220 - loadIPPluginJar : add comp
2026-04-03 19:12:17,305 [INFO] IPUIPlugin:80 - create IPUIPlugin
2026-04-03 19:12:17,305 [INFO] PluginManager:220 - loadIPPluginJar : add cryp
2026-04-03 19:12:17,317 [INFO] IPUIPlugin:80 - create IPUIPlugin
2026-04-03 19:12:17,317 [INFO] PluginManager:220 - loadIPPluginJar : add ddr_ctrl_phy
2026-04-03 19:12:17,338 [INFO] IPUIPlugin:80 - create IPUIPlugin
2026-04-03 19:12:17,338 [INFO] PluginManager:220 - loadIPPluginJar : add dfsdm
2026-04-03 19:12:17,348 [INFO] IPUIPlugin:80 - create IPUIPlugin
2026-04-03 19:12:17,348 [INFO] PluginManager:220 - loadIPPluginJar : add dma
2026-04-03 19:12:17,375 [INFO] IPUIPlugin:80 - create IPUIPlugin
2026-04-03 19:12:17,375 [INFO] PluginManager:220 - loadIPPluginJar : add dma3
2026-04-03 19:12:17,404 [INFO] IPUIPlugin:80 - create IPUIPlugin
2026-04-03 19:12:17,404 [INFO] PluginManager:220 - loadIPPluginJar : add extmemmanager
2026-04-03 19:12:17,419 [INFO] IPUIPlugin:80 - create IPUIPlugin
2026-04-03 19:12:17,419 [INFO] PluginManager:220 - loadIPPluginJar : add fatfs
2026-04-03 19:12:17,454 [INFO] IPUIPlugin:80 - create IPUIPlugin
2026-04-03 19:12:17,454 [INFO] PluginManager:220 - loadIPPluginJar : add fmc
2026-04-03 19:12:17,466 [INFO] IPUIPlugin:80 - create IPUIPlugin
2026-04-03 19:12:17,466 [INFO] PluginManager:220 - loadIPPluginJar : add freertos
2026-04-03 19:12:17,480 [INFO] IPUIPlugin:80 - create IPUIPlugin
2026-04-03 19:12:17,480 [INFO] PluginManager:220 - loadIPPluginJar : add genericplugin
2026-04-03 19:12:17,541 [INFO] IPUIPlugin:80 - create IPUIPlugin
2026-04-03 19:12:17,541 [INFO] PluginManager:220 - loadIPPluginJar : add gfxmmu
2026-04-03 19:12:17,626 [INFO] IPUIPlugin:80 - create IPUIPlugin
2026-04-03 19:12:17,626 [INFO] PluginManager:220 - loadIPPluginJar : add gic
2026-04-03 19:12:17,637 [INFO] IPUIPlugin:80 - create IPUIPlugin
2026-04-03 19:12:17,637 [INFO] PluginManager:220 - loadIPPluginJar : add gpio
2026-04-03 19:12:17,698 [INFO] IPUIPlugin:80 - create IPUIPlugin
2026-04-03 19:12:17,699 [INFO] PluginManager:220 - loadIPPluginJar : add gtzc
2026-04-03 19:12:17,721 [INFO] IPUIPlugin:80 - create IPUIPlugin
2026-04-03 19:12:17,721 [INFO] PluginManager:220 - loadIPPluginJar : add hash
2026-04-03 19:12:17,756 [INFO] IPUIPlugin:80 - create IPUIPlugin
2026-04-03 19:12:17,756 [INFO] PluginManager:220 - loadIPPluginJar : add i2c
2026-04-03 19:12:17,782 [INFO] IPUIPlugin:80 - create IPUIPlugin
2026-04-03 19:12:17,782 [INFO] PluginManager:220 - loadIPPluginJar : add i2s
2026-04-03 19:12:17,811 [INFO] IPUIPlugin:80 - create IPUIPlugin
2026-04-03 19:12:17,811 [INFO] PluginManager:220 - loadIPPluginJar : add i3c
2026-04-03 19:12:17,883 [INFO] IPUIPlugin:80 - create IPUIPlugin
2026-04-03 19:12:17,883 [INFO] PluginManager:220 - loadIPPluginJar : add ipddr
2026-04-03 19:12:17,943 [INFO] IPUIPlugin:80 - create IPUIPlugin
2026-04-03 19:12:17,944 [INFO] PluginManager:220 - loadIPPluginJar : add linkedlist
2026-04-03 19:12:17,971 [INFO] IPUIPlugin:80 - create IPUIPlugin
2026-04-03 19:12:17,971 [INFO] PluginManager:220 - loadIPPluginJar : add lorawan
2026-04-03 19:12:17,996 [INFO] IPUIPlugin:80 - create IPUIPlugin
2026-04-03 19:12:17,996 [INFO] PluginManager:220 - loadIPPluginJar : add ltdc
2026-04-03 19:12:18,006 [INFO] IPUIPlugin:80 - create IPUIPlugin
2026-04-03 19:12:18,007 [INFO] PluginManager:220 - loadIPPluginJar : add mdma
2026-04-03 19:12:18,015 [INFO] IPUIPlugin:80 - create IPUIPlugin
2026-04-03 19:12:18,015 [INFO] PluginManager:220 - loadIPPluginJar : add nvic
2026-04-03 19:12:18,046 [INFO] IPUIPlugin:80 - create IPUIPlugin
2026-04-03 19:12:18,046 [INFO] PluginManager:220 - loadIPPluginJar : add opamp
2026-04-03 19:12:18,089 [INFO] IPUIPlugin:80 - create IPUIPlugin
2026-04-03 19:12:18,089 [INFO] PluginManager:220 - loadIPPluginJar : add openamp
2026-04-03 19:12:18,120 [INFO] IPUIPlugin:80 - create IPUIPlugin
2026-04-03 19:12:18,120 [INFO] PluginManager:220 - loadIPPluginJar : add pdm2pcm
2026-04-03 19:12:18,136 [INFO] IPUIPlugin:80 - create IPUIPlugin
2026-04-03 19:12:18,137 [INFO] PluginManager:220 - loadIPPluginJar : add plateformsettings
2026-04-03 19:12:18,158 [INFO] IPUIPlugin:80 - create IPUIPlugin
2026-04-03 19:12:18,158 [INFO] PluginManager:220 - loadIPPluginJar : add quadspi
2026-04-03 19:12:18,177 [INFO] IPUIPlugin:80 - create IPUIPlugin
2026-04-03 19:12:18,178 [INFO] PluginManager:220 - loadIPPluginJar : add radio
2026-04-03 19:12:18,188 [INFO] IPUIPlugin:80 - create IPUIPlugin
2026-04-03 19:12:18,188 [INFO] PluginManager:220 - loadIPPluginJar : add resmgrutility
2026-04-03 19:12:18,220 [INFO] IPUIPlugin:80 - create IPUIPlugin
2026-04-03 19:12:18,220 [INFO] PluginManager:220 - loadIPPluginJar : add sai
2026-04-03 19:12:18,245 [INFO] IPUIPlugin:80 - create IPUIPlugin
2026-04-03 19:12:18,245 [INFO] PluginManager:220 - loadIPPluginJar : add spi
2026-04-03 19:12:18,296 [INFO] IPUIPlugin:80 - create IPUIPlugin
2026-04-03 19:12:18,296 [INFO] PluginManager:220 - loadIPPluginJar : add stm32_wpan
2026-04-03 19:12:18,315 [INFO] IPUIPlugin:80 - create IPUIPlugin
2026-04-03 19:12:18,316 [INFO] PluginManager:220 - loadIPPluginJar : add tim
2026-04-03 19:12:18,356 [INFO] IPUIPlugin:80 - create IPUIPlugin
2026-04-03 19:12:18,356 [INFO] PluginManager:220 - loadIPPluginJar : add touchsensing
2026-04-03 19:12:18,372 [INFO] IPUIPlugin:80 - create IPUIPlugin
2026-04-03 19:12:18,372 [INFO] PluginManager:220 - loadIPPluginJar : add tracer_emb
2026-04-03 19:12:18,390 [INFO] IPUIPlugin:80 - create IPUIPlugin
2026-04-03 19:12:18,390 [INFO] PluginManager:220 - loadIPPluginJar : add ts
2026-04-03 19:12:18,406 [INFO] IPUIPlugin:80 - create IPUIPlugin
2026-04-03 19:12:18,407 [INFO] PluginManager:220 - loadIPPluginJar : add tsc
2026-04-03 19:12:18,422 [INFO] IPUIPlugin:80 - create IPUIPlugin
2026-04-03 19:12:18,422 [INFO] PluginManager:220 - loadIPPluginJar : add ucpd
2026-04-03 19:12:18,451 [INFO] IPUIPlugin:80 - create IPUIPlugin
2026-04-03 19:12:18,451 [INFO] PluginManager:220 - loadIPPluginJar : add usart
2026-04-03 19:12:18,483 [INFO] IPUIPlugin:80 - create IPUIPlugin
2026-04-03 19:12:18,483 [INFO] PluginManager:220 - loadIPPluginJar : add usbx
2026-04-03 19:12:18,592 [FATAL] Updater:351 - Updater called before beeing initialized
2026-04-03 19:12:18,619 [INFO] RulesReader:64 - Compatibility file has been processed (317 Rules)
2026-04-03 19:12:18,626 [INFO] RulesReader:64 - Compatibility file has been processed (317 Rules)
2026-04-03 19:12:18,637 [INFO] CADModel:165 - CPN selected for project level
2026-04-03 19:12:18,637 [INFO] CADModel:114 - Register for checkConnection events
2026-04-03 19:12:18,637 [FATAL] Updater:351 - Updater called before beeing initialized
2026-04-03 19:12:18,637 [ERROR] CADModel:125 - Updater not yet initialized, retry later 
2026-04-03 19:12:18,745 [FATAL] Updater:351 - Updater called before beeing initialized
2026-04-03 19:12:18,747 [INFO] CADModel:165 - CPN selected for project level
2026-04-03 19:12:18,747 [INFO] CADModel:114 - Register for checkConnection events
2026-04-03 19:12:18,747 [FATAL] Updater:351 - Updater called before beeing initialized
2026-04-03 19:12:18,747 [ERROR] CADModel:125 - Updater not yet initialized, retry later 
2026-04-03 19:12:18,749 [FATAL] Updater:351 - Updater called before beeing initialized
2026-04-03 19:12:18,816 [FATAL] Updater:351 - Updater called before beeing initialized
2026-04-03 19:12:18,824 [INFO] DbMcusAds:53 - JSON generation date=Thu Jan 08 11:03:33 COT 2026 (1767888213674)
2026-04-03 19:12:18,824 [FATAL] Updater:351 - Updater called before beeing initialized
2026-04-03 19:12:18,856 [WARN] DetailPanel:346 - Failed to get advertising image, set to default
2026-04-03 19:12:18,936 [FATAL] Updater:351 - Updater called before beeing initialized
2026-04-03 19:12:18,937 [FATAL] Updater:351 - Updater called before beeing initialized
2026-04-03 19:12:18,937 [FATAL] Updater:351 - Updater called before beeing initialized
2026-04-03 19:12:18,937 [WARN] DetailPanel:346 - Failed to get advertising image, set to default
2026-04-03 19:12:18,938 [FATAL] Updater:351 - Updater called before beeing initialized
2026-04-03 19:12:18,982 [ERROR] Updater:1198 - MainUpdater not yet initialized. External WinMGr cannot be set.
2026-04-03 19:12:18,990 [INFO] Updater:1134 - Updater Version found : 6.15.0
2026-04-03 19:12:19,004 [INFO] ApplicationProperties:184 - Using Application install path: C:\ST\STM32CubeIDE_1.19.0\STM32CubeIDE\plugins\com.st.stm32cube.common.mx_6.15.0.202507011659
2026-04-03 19:12:19,769 [INFO] ThirdPartyUpdaterWithRetryManager:70 - Updater plugin not ready yet. [2/15]
2026-04-03 19:12:20,597 [ERROR] LogOutputStream:75 - [STDERR_REDIRECT] Apr 03, 2026 7:12:20 PM java.util.prefs.WindowsPreferences <init>
2026-04-03 19:12:20,600 [ERROR] LogOutputStream:75 - [STDERR_REDIRECT] WARNING: Could not open/create prefs root node Software\JavaSoft\Prefs at root 0xffffffff80000002. Windows RegCreateKeyEx(...) returned error code 5.
2026-04-03 19:12:20,600 [ERROR] LogOutputStream:75 - [STDERR_REDIRECT] 
2026-04-03 19:12:20,824 [INFO] MainUpdater:2872 - connection check result : 10
2026-04-03 19:12:20,824 [INFO] MainUpdater:289 - Updater Check For Update Now.
2026-04-03 19:12:20,824 [INFO] MicroXplorer:498 - Change Database Version : DB.6.0.150
2026-04-03 19:12:20,838 [INFO] McuFinderGlobals:63 - Set McuFinder mode to 2 (CubeIDE integrated)
2026-04-03 19:12:20,838 [INFO] UserAuth:171 - activating auth plugin
2026-04-03 19:12:20,840 [INFO] UserAuth:487 - Internet connection configuration mode: 1
2026-04-03 19:12:20,864 [INFO] JxBrowserEngine:152 - Initiate JxBrowser Engine with user profile folder
2026-04-03 19:12:21,006 [INFO] CheckServerUpdateThread:120 - End of CheckServer Thread
2026-04-03 19:12:21,907 [INFO] WebApp:169 - Instantiating new browser for Auth
2026-04-03 19:12:22,518 [INFO] WebApp:463 - Apply proxy settings
2026-04-03 19:12:22,519 [INFO] WebApp:548 - Chromium requires no authentication
2026-04-03 19:12:22,544 [INFO] WebApp:491 - Direct internet connection detected
2026-04-03 19:12:22,588 [INFO] WebApp:900 - Register for checkConnection events
2026-04-03 19:12:22,589 [INFO] WebApp:463 - Apply proxy settings
2026-04-03 19:12:22,589 [INFO] WebApp:548 - Chromium requires no authentication
2026-04-03 19:12:22,589 [INFO] WebApp:491 - Direct internet connection detected
2026-04-03 19:12:22,756 [INFO] WebApp:225 - Starting web application
2026-04-03 19:12:22,756 [INFO] WebApp:593 - Web application path used C:\ST\STM32CubeIDE_1.19.0\STM32CubeIDE\plugins\com.st.stm32cube.common.mx_6.15.0.202507011659\db\plugins\mcufinder\reactClient1\index.html
2026-04-03 19:12:23,010 [WARN] PackLoader:240 - Cannot read IP mode file for STMicroelectronics.X-CUBE-AZRTOS-H7.3.5.0
2026-04-03 19:12:23,023 [WARN] PackLoader:240 - Cannot read IP mode file for STMicroelectronics.FP-SNS-MOTENVWB1.1.4.0
2026-04-03 19:12:23,034 [WARN] PackLoader:240 - Cannot read IP mode file for STMicroelectronics.FP-ATR-ASTRA1.2.0.2
2026-04-03 19:12:23,045 [WARN] PackLoader:240 - Cannot read IP mode file for STMicroelectronics.X-CUBE-SMBUS.2.1.0
2026-04-03 19:12:23,065 [WARN] PackLoader:240 - Cannot read IP mode file for STMicroelectronics.X-CUBE-AZRTOS-F7.1.1.0
2026-04-03 19:12:23,076 [WARN] PackLoader:240 - Cannot read IP mode file for STMicroelectronics.FP-SNS-MOTENV1.5.1.0
2026-04-03 19:12:23,089 [WARN] PackLoader:240 - Cannot read IP mode file for WES.I-CUBE-Cesium.1.4.0
2026-04-03 19:12:23,109 [WARN] PackLoader:240 - Cannot read IP mode file for STMicroelectronics.X-CUBE-AZRTOS-H7.3.4.0
2026-04-03 19:12:23,122 [WARN] PackLoader:240 - Cannot read IP mode file for STMicroelectronics.X-CUBE-DISPLAY.3.0.0
2026-04-03 19:12:23,134 [WARN] PackLoader:240 - Cannot read IP mode file for STMicroelectronics.FP-SNS-MOTENVWB1.1.5.0
2026-04-03 19:12:23,146 [WARN] PackLoader:240 - Cannot read IP mode file for STMicroelectronics.X-CUBE-NFC10.1.0.0
2026-04-03 19:12:23,154 [WARN] PackLoader:240 - Cannot read IP mode file for STMicroelectronics.X-CUBE-ST60.1.1.0
2026-04-03 19:12:23,165 [WARN] PackLoader:240 - Cannot read IP mode file for emotas.I-CUBE-CANOPEN.1.3.0
2026-04-03 19:12:23,175 [WARN] PackLoader:240 - Cannot read IP mode file for STMicroelectronics.X-CUBE-GNSS1.7.1.0
2026-04-03 19:12:23,188 [WARN] PackLoader:240 - Cannot read IP mode file for STMicroelectronics.FP-SNS-STBOX1.2.1.0
2026-04-03 19:12:23,198 [WARN] PackLoader:240 - Cannot read IP mode file for STMicroelectronics.FP-SNS-SMARTAG2.1.2.0
2026-04-03 19:12:23,209 [WARN] PackLoader:240 - Cannot read IP mode file for STMicroelectronics.FP-SNS-FLIGHT1.5.1.0
2026-04-03 19:12:23,222 [INFO] LogOutputStream:77 - [STDOUT_REDIRECT] 1 : Invalid condition id : UX_CORESTACK_Condition cause : null
2026-04-03 19:12:23,222 [INFO] LogOutputStream:77 - [STDOUT_REDIRECT] 1 : Invalid condition id : UX_CORESTACK_Condition cause : null
2026-04-03 19:12:23,223 [INFO] LogOutputStream:77 - [STDOUT_REDIRECT] 1 : Invalid condition id : UX_CORESTACK_Condition cause : null
2026-04-03 19:12:23,223 [INFO] LogOutputStream:77 - [STDOUT_REDIRECT] 1 : Invalid condition id : UX_CORESTACK_Condition cause : null
2026-04-03 19:12:23,224 [INFO] LogOutputStream:77 - [STDOUT_REDIRECT] 1 : Invalid condition id : UX_CORESTACK_Condition cause : null
2026-04-03 19:12:23,224 [WARN] PackLoader:240 - Cannot read IP mode file for STMicroelectronics.X-CUBE-AZRTOS-WL.2.0.0
2026-04-03 19:12:23,244 [WARN] PackLoader:240 - Cannot read IP mode file for STMicroelectronics.X-CUBE-AZRTOS-H7RS.1.2.0
2026-04-03 19:12:23,256 [WARN] PackLoader:240 - Cannot read IP mode file for STMicroelectronics.X-CUBE-BLE2.3.3.0
2026-04-03 19:12:23,301 [WARN] PackLoader:240 - Cannot read IP mode file for Infineon.AIROC-Wi-Fi-Bluetooth-STM32.1.8.0
2026-04-03 19:12:23,316 [WARN] PackLoader:240 - Cannot read IP mode file for STMicroelectronics.X-CUBE-NFC9.1.0.0
2026-04-03 19:12:23,326 [WARN] PackLoader:240 - Cannot read IP mode file for wolfSSL.I-CUBE-wolfSSL.5.8.2
2026-04-03 19:12:23,336 [WARN] PackLoader:240 - Cannot read IP mode file for STMicroelectronics.X-CUBE-BLE1.7.1.0
2026-04-03 19:12:23,345 [WARN] PackLoader:240 - Cannot read IP mode file for wolfSSL.I-CUBE-wolfMQTT.1.19.2
2026-04-03 19:12:23,357 [WARN] PackLoader:240 - Cannot read IP mode file for STMicroelectronics.X-CUBE-FREERTOS.1.4.0
2026-04-03 19:12:23,366 [WARN] PackLoader:240 - Cannot read IP mode file for STMicroelectronics.X-CUBE-EEPRMA1.5.2.0
2026-04-03 19:12:23,379 [WARN] PackLoader:240 - Cannot read IP mode file for Cesanta.I-CUBE-Mongoose.7.20.0
2026-04-03 19:12:23,390 [WARN] PackLoader:240 - Cannot read IP mode file for STMicroelectronics.X-CUBE-ST67W61.1.1.0
2026-04-03 19:12:23,420 [WARN] PackLoader:240 - Cannot read IP mode file for STMicroelectronics.X-CUBE-MEMS1.12.0.0
2026-04-03 19:12:23,471 [WARN] PackLoader:240 - Cannot read IP mode file for STMicroelectronics.X-CUBE-AZRTOS-G0.1.1.0
2026-04-03 19:12:23,482 [WARN] PackLoader:240 - Cannot read IP mode file for STMicroelectronics.X-CUBE-NFC4.3.0.0
2026-04-03 19:12:23,496 [WARN] PackLoader:240 - Cannot read IP mode file for EmbeddedOffice.I-CUBE-FS-RTOS.1.0.1
2026-04-03 19:12:23,508 [WARN] PackLoader:240 - Cannot read IP mode file for STMicroelectronics.X-CUBE-WB05N.2.0.0
2026-04-03 19:12:23,518 [WARN] PackLoader:240 - Cannot read IP mode file for wolfSSL.I-CUBE-wolfTPM.3.8.0
2026-04-03 19:12:23,530 [WARN] PackLoader:240 - Cannot read IP mode file for STMicroelectronics.X-CUBE-TCPP.4.2.0
2026-04-03 19:12:23,571 [WARN] PackLoader:240 - Cannot read IP mode file for RealThread.X-CUBE-RT-Thread_Nano.4.1.1
2026-04-03 19:12:23,585 [WARN] PackLoader:240 - Cannot read IP mode file for STMicroelectronics.FP-ATR-SIGFOX1.3.2.0
2026-04-03 19:12:23,595 [WARN] PackLoader:240 - Cannot read IP mode file for STMicroelectronics.X-CUBE-FREERTOS.1.5.0
2026-04-03 19:12:23,606 [WARN] PackLoader:240 - Cannot read IP mode file for ITTIA_DB.I-CUBE-ITTIADB.8.9.0
2026-04-03 19:12:23,617 [WARN] PackLoader:240 - Cannot read IP mode file for STMicroelectronics.X-CUBE-NFC6.3.2.0
2026-04-03 19:12:23,628 [WARN] PackLoader:240 - Cannot read IP mode file for STMicroelectronics.X-CUBE-AI.10.2.0
2026-04-03 19:12:23,648 [WARN] PackLoader:240 - Cannot read IP mode file for SEGGER.I-CUBE-embOS.1.3.1
2026-04-03 19:12:23,676 [WARN] PackLoader:240 - Cannot read IP mode file for STMicroelectronics.X-CUBE-ALGOBUILD.1.4.0
2026-04-03 19:12:23,690 [WARN] PackLoader:240 - Cannot read IP mode file for STMicroelectronics.X-CUBE-PM33A1.1.0.0
2026-04-03 19:12:23,708 [WARN] PackLoader:240 - Cannot read IP mode file for STMicroelectronics.X-CUBE-AZRTOS-F4.1.1.0
2026-04-03 19:12:23,721 [WARN] PackLoader:240 - Cannot read IP mode file for STMicroelectronics.X-CUBE-ISPU.2.1.0
2026-04-03 19:12:23,735 [WARN] PackLoader:240 - Cannot read IP mode file for STMicroelectronics.X-CUBE-IPS.3.2.0
2026-04-03 19:12:23,747 [WARN] PackLoader:240 - Cannot read IP mode file for STMicroelectronics.X-CUBE-NFC12.1.0.0
2026-04-03 19:12:23,772 [WARN] PackLoader:240 - Cannot read IP mode file for STMicroelectronics.X-CUBE-AZRTOS-L5.2.0.0
2026-04-03 19:12:23,790 [WARN] PackLoader:240 - Cannot read IP mode file for STMicroelectronics.X-CUBE-NFC6.3.1.0
2026-04-03 19:12:23,803 [WARN] PackLoader:240 - Cannot read IP mode file for STMicroelectronics.X-CUBE-TOUCHGFX.4.26.0
2026-04-03 19:12:23,813 [WARN] PackLoader:240 - Cannot read IP mode file for STMicroelectronics.X-CUBE-TOUCHGFX.4.26.1
2026-04-03 19:12:23,824 [WARN] PackLoader:240 - Cannot read IP mode file for STMicroelectronics.FP-SNS-STAIOTCFT.1.0.0
2026-04-03 19:12:23,835 [WARN] PackLoader:240 - Cannot read IP mode file for STMicroelectronics.X-CUBE-DPower.1.3.0
2026-04-03 19:12:23,858 [INFO] WebApp:191 - Connection restablished
2026-04-03 19:12:23,863 [WARN] ConditionMgr:438 - getConditionDescription Invalid condition id : LAN8742 Phy interface Condition cause : null
2026-04-03 19:12:23,863 [WARN] PackLoader:240 - Cannot read IP mode file for STMicroelectronics.X-CUBE-AZRTOS-L4.2.0.0
2026-04-03 19:12:23,864 [WARN] ConditionMgr:1044 - genDependencies : Invalid condition id : LAN8742 Phy interface Condition cause : null
2026-04-03 19:12:23,864 [WARN] ConditionMgr:1044 - genDependencies : Invalid condition id : LAN8742 Phy interface Condition cause : null
2026-04-03 19:12:23,864 [WARN] ConditionMgr:1044 - genDependencies : Invalid condition id : LAN8742 Phy interface Condition cause : null
2026-04-03 19:12:23,876 [WARN] PackLoader:240 - Cannot read IP mode file for STMicroelectronics.X-CUBE-SFXS2LP1.4.0.0
2026-04-03 19:12:23,896 [WARN] PackLoader:240 - Cannot read IP mode file for STMicroelectronics.X-CUBE-ST67W61.1.2.0
2026-04-03 19:12:23,908 [WARN] PackLoader:240 - Cannot read IP mode file for STMicroelectronics.X-CUBE-BLEMGR.4.1.0
2026-04-03 19:12:23,925 [WARN] ConditionMgr:438 - getConditionDescription Invalid condition id : UX DEVICE CLASS RTOS Condition cause : null
2026-04-03 19:12:23,926 [WARN] ConditionMgr:438 - getConditionDescription Invalid condition id : UX DEVICE CLASS RTOS Condition cause : null
2026-04-03 19:12:23,926 [WARN] PackLoader:240 - Cannot read IP mode file for STMicroelectronics.X-CUBE-AZRTOS-WB.2.0.0
2026-04-03 19:12:23,926 [WARN] ConditionMgr:1044 - genDependencies : Invalid condition id : UX DEVICE CLASS RTOS Condition cause : null
2026-04-03 19:12:23,926 [WARN] ConditionMgr:1044 - genDependencies : Invalid condition id : UX DEVICE CLASS RTOS Condition cause : null
2026-04-03 19:12:23,927 [WARN] ConditionMgr:1044 - genDependencies : Invalid condition id : UX DEVICE CLASS RTOS Condition cause : null
2026-04-03 19:12:23,927 [WARN] ConditionMgr:1044 - genDependencies : Invalid condition id : UX DEVICE CLASS RTOS Condition cause : null
2026-04-03 19:12:23,927 [WARN] ConditionMgr:1044 - genDependencies : Invalid condition id : UX DEVICE CLASS RTOS Condition cause : null
2026-04-03 19:12:23,939 [WARN] ConditionMgr:438 - getConditionDescription Invalid condition id : Cortex-A Device cause : null
2026-04-03 19:12:23,951 [WARN] ConditionMgr:1044 - genDependencies : Invalid condition id : Cortex-A Device cause : null
2026-04-03 19:12:23,951 [WARN] ConditionMgr:1044 - genDependencies : Invalid condition id : Cortex-A Device cause : null
2026-04-03 19:12:23,951 [WARN] ConditionMgr:1044 - genDependencies : Invalid condition id : Cortex-A Device cause : null
2026-04-03 19:12:23,963 [WARN] PackLoader:240 - Cannot read IP mode file for STMicroelectronics.X-CUBE-STSE01.2.0.0
2026-04-03 19:12:23,976 [WARN] PackLoader:240 - Cannot read IP mode file for STMicroelectronics.X-CUBE-SUBG2.5.0.0
2026-04-03 19:12:23,995 [WARN] PackLoader:240 - Cannot read IP mode file for STMicroelectronics.X-CUBE-AZRTOS-G4.2.0.0
2026-04-03 19:12:24,009 [WARN] PackLoader:240 - Cannot read IP mode file for wolfSSL.I-CUBE-wolfSSH.1.4.20
2026-04-03 19:12:24,019 [WARN] PackLoader:240 - Cannot read IP mode file for STMicroelectronics.X-CUBE-NFC7.2.0.0
2026-04-03 19:12:24,029 [WARN] PackLoader:240 - Cannot read IP mode file for STMicroelectronics.X-CUBE-ALS.1.0.2
2026-04-03 19:12:24,041 [WARN] PackLoader:240 - Cannot read IP mode file for STMicroelectronics.X-CUBE-STSE01.1.0.0
2026-04-03 19:12:24,055 [WARN] PackLoader:240 - Cannot read IP mode file for STMicroelectronics.X-CUBE-TOF1.3.4.3
2026-04-03 19:12:24,059 [INFO] ThirdParty:978 - Integrity check success = true
2026-04-03 19:12:24,059 [INFO] IntegrityCheckThread:100 - exiting critical section [integrity check]
2026-04-03 19:12:24,059 [INFO] IntegrityCheckThread:103 - End integrity checks thread
2026-04-03 21:04:04,621 [ERROR] LogOutputStream:75 - [STDERR_REDIRECT] Apr 03, 2026 9:04:04 PM org.apache.lucene.internal.vectorization.VectorizationProvider lookup
2026-04-03 21:04:04,622 [ERROR] LogOutputStream:75 - [STDERR_REDIRECT] WARNING: Java vector incubator module is not readable. For optimal vector performance, pass '--add-modules jdk.incubator.vector' to enable Vector API.
2026-04-03 21:04:04,623 [ERROR] LogOutputStream:75 - [STDERR_REDIRECT] 
2026-04-03 21:46:07,089 [INFO] WebApp:194 - Connection lost
2026-04-03 21:46:10,178 [INFO] WebApp:191 - Connection restablished
2026-04-03 23:09:23,415 [ERROR] LogOutputStream:75 - [STDERR_REDIRECT] 
2026-04-03 23:09:23,416 [ERROR] LogOutputStream:75 - [STDERR_REDIRECT] 
