2026-05-05 22:17:25,528 [INFO] Activator:176 - 


2026-05-05 22:17:25,545 [INFO] Activator:177 - !SESSION log4j initialized
2026-05-05 22:17:31,262 [INFO] LogOutputStream:77 - [STDOUT_REDIRECT] 
2026-05-05 22:17:37,214 [INFO] ApplicationProperties:184 - Using Application install path: C:\ST\STM32CubeIDE_1.19.0\STM32CubeIDE\plugins\com.st.stm32cube.common.mx_6.15.0.202507011659
2026-05-05 22:17:37,230 [INFO] DbMcusXml:78 - Set database path to: C:\ST\STM32CubeIDE_1.19.0\STM32CubeIDE\plugins\com.st.stm32cube.common.mx_6.15.0.202507011659\\db\/mcu/
2026-05-05 22:17:37,230 [INFO] ApiDb:274 - Set plugin database path to: C:\ST\STM32CubeIDE_1.19.0\STM32CubeIDE\plugins\com.st.stm32cube.common.mx_6.15.0.202507011659\\db\/plugins/boardmanager/
2026-05-05 22:17:37,231 [WARN] ApiDb:259 - Overriding images path with different value:  => C:\ST\STM32CubeIDE_1.19.0\STM32CubeIDE\plugins\com.st.stm32cube.common.mx_6.15.0.202507011659\\db\/plugins/mcufinder/images/
2026-05-05 22:17:37,253 [INFO] ApiDb:250 - Set database path to: C:\Users\USER\.stmcufinder\plugins\mcufinder//mcu/
2026-05-05 22:17:37,254 [INFO] DbMcusAds:125 - Set database path to: C:\Users\USER\.stmcufinder\plugins\mcufinder//mcu/
2026-05-05 22:17:37,256 [INFO] CrossReferenceDbSqlite:203 - Set database path to: C:\Users\USER\.stmcufinder\plugins\mcufinder//mcu/cs/
2026-05-05 22:17:37,341 [INFO] RulesReader:64 - Compatibility file has been processed (317 Rules)
2026-05-05 22:17:37,407 [INFO] DbMcusXml:78 - Set database path to: C:\ST\STM32CubeIDE_1.19.0\STM32CubeIDE\plugins\com.st.stm32cube.common.mx_6.15.0.202507011659\\db\/mcu/
2026-05-05 22:17:37,407 [INFO] ApiDb:274 - Set plugin database path to: C:\ST\STM32CubeIDE_1.19.0\STM32CubeIDE\plugins\com.st.stm32cube.common.mx_6.15.0.202507011659\\db\/plugins/boardmanager/
2026-05-05 22:17:37,407 [INFO] ApiDb:261 - Set plugin images path to: C:\ST\STM32CubeIDE_1.19.0\STM32CubeIDE\plugins\com.st.stm32cube.common.mx_6.15.0.202507011659\\db\/plugins/mcufinder/images/
2026-05-05 22:17:37,407 [WARN] DbFile:41 - Overriding database path with different value: C:\Users\USER\.stmcufinder\plugins\mcufinder/ => C:\Users\USER\.stmcufinder\plugins\mcufinder
2026-05-05 22:17:37,407 [INFO] ApiDb:250 - Set database path to: C:\Users\USER\.stmcufinder\plugins\mcufinder//mcu/
2026-05-05 22:17:37,407 [WARN] DbFile:41 - Overriding database path with different value: C:\Users\USER\.stmcufinder\plugins\mcufinder/ => C:\Users\USER\.stmcufinder\plugins\mcufinder
2026-05-05 22:17:37,407 [INFO] DbMcusAds:125 - Set database path to: C:\Users\USER\.stmcufinder\plugins\mcufinder//mcu/
2026-05-05 22:17:37,407 [WARN] DbFile:41 - Overriding database path with different value: C:\Users\USER\.stmcufinder\plugins\mcufinder/ => C:\Users\USER\.stmcufinder\plugins\mcufinder
2026-05-05 22:17:37,407 [WARN] DbFile:41 - Overriding database path with different value: C:\Users\USER\.stmcufinder\plugins\mcufinder/ => C:\Users\USER\.stmcufinder\plugins\mcufinder
2026-05-05 22:17:37,407 [INFO] CrossReferenceDbSqlite:203 - Set database path to: C:\Users\USER\.stmcufinder\plugins\mcufinder//mcu/cs/
2026-05-05 22:17:37,476 [INFO] MainPanel:274 - HeapMemory: 268435456
2026-05-05 22:17:37,562 [INFO] DbMcusXml:78 - Set database path to: C:\ST\STM32CubeIDE_1.19.0\STM32CubeIDE\plugins\com.st.stm32cube.common.mx_6.15.0.202507011659\\db\/mcu/
2026-05-05 22:17:37,562 [INFO] ApiDb:274 - Set plugin database path to: C:\ST\STM32CubeIDE_1.19.0\STM32CubeIDE\plugins\com.st.stm32cube.common.mx_6.15.0.202507011659\\db\/plugins/boardmanager/
2026-05-05 22:17:37,562 [INFO] ApiDb:261 - Set plugin images path to: C:\ST\STM32CubeIDE_1.19.0\STM32CubeIDE\plugins\com.st.stm32cube.common.mx_6.15.0.202507011659\\db\/plugins/mcufinder/images/
2026-05-05 22:17:37,562 [WARN] DbFile:41 - Overriding database path with different value: C:\Users\USER\.stmcufinder\plugins\mcufinder/ => C:\Users\USER\.stmcufinder\plugins\mcufinder
2026-05-05 22:17:37,562 [INFO] ApiDb:250 - Set database path to: C:\Users\USER\.stmcufinder\plugins\mcufinder//mcu/
2026-05-05 22:17:37,562 [WARN] DbFile:41 - Overriding database path with different value: C:\Users\USER\.stmcufinder\plugins\mcufinder/ => C:\Users\USER\.stmcufinder\plugins\mcufinder
2026-05-05 22:17:37,562 [INFO] DbMcusAds:125 - Set database path to: C:\Users\USER\.stmcufinder\plugins\mcufinder//mcu/
2026-05-05 22:17:37,562 [WARN] DbFile:41 - Overriding database path with different value: C:\Users\USER\.stmcufinder\plugins\mcufinder/ => C:\Users\USER\.stmcufinder\plugins\mcufinder
2026-05-05 22:17:37,562 [WARN] DbFile:41 - Overriding database path with different value: C:\Users\USER\.stmcufinder\plugins\mcufinder/ => C:\Users\USER\.stmcufinder\plugins\mcufinder
2026-05-05 22:17:37,562 [INFO] CrossReferenceDbSqlite:203 - Set database path to: C:\Users\USER\.stmcufinder\plugins\mcufinder//mcu/cs/
2026-05-05 22:17:37,578 [INFO] ApplicationProperties:184 - Using Application install path: C:\ST\STM32CubeIDE_1.19.0\STM32CubeIDE\plugins\com.st.stm32cube.common.mx_6.15.0.202507011659
2026-05-05 22:17:37,578 [INFO] PluginManage:196 - Search for loadable plugins [exclusion list=, ]
2026-05-05 22:17:37,580 [INFO] PluginManage:310 - Check plugin analytics
2026-05-05 22:17:42,650 [INFO] AnalyticsPlugin:253 - Accepted Software Licenses: STM32CubeMX.6.16.1
2026-05-05 22:17:42,650 [INFO] AnalyticsPlugin:255 - Accepted CMSIS Pack Licenses: 
2026-05-05 22:17:42,650 [INFO] AnalyticsPlugin:257 - Accepted Firmware Licenses: FW.F4.1.28.0
2026-05-05 22:17:42,651 [INFO] PluginManage:359 - Loaded plugin analytics (category:tool,tabindex:-1)
2026-05-05 22:17:42,651 [INFO] PluginManage:310 - Check plugin cadmodel
2026-05-05 22:17:42,663 [INFO] CADModel:105 - Init CAD model plugin
2026-05-05 22:17:42,663 [INFO] PluginManage:359 - Loaded plugin cadmodel (category:power,tabindex:5)
2026-05-05 22:17:42,663 [INFO] PluginManage:310 - Check plugin clock
2026-05-05 22:17:42,682 [INFO] PluginManage:359 - Loaded plugin clock (category:base,tabindex:2)
2026-05-05 22:17:42,682 [INFO] PluginManage:310 - Check plugin ddr
2026-05-05 22:17:42,684 [INFO] PluginManage:359 - Loaded plugin ddr (category:tool,tabindex:6)
2026-05-05 22:17:42,684 [INFO] PluginManage:310 - Check plugin filemanager
2026-05-05 22:17:42,778 [INFO] PluginManage:359 - Loaded plugin filemanager (category:base,tabindex:10)
2026-05-05 22:17:42,778 [INFO] PluginManage:310 - Check plugin ipmanager
2026-05-05 22:17:42,782 [INFO] PluginManage:359 - Loaded plugin ipmanager (category:base,tabindex:5)
2026-05-05 22:17:42,782 [INFO] PluginManage:310 - Check plugin lpbam
2026-05-05 22:17:42,808 [INFO] PluginManage:359 - Loaded plugin lpbam (category:base,tabindex:0)
2026-05-05 22:17:42,808 [INFO] PluginManage:310 - Check plugin memorymap
2026-05-05 22:17:42,835 [INFO] PluginManage:359 - Loaded plugin memorymap (category:base,tabindex:4)
2026-05-05 22:17:42,835 [INFO] PluginManage:310 - Check plugin pinoutandconfiguration
2026-05-05 22:17:42,846 [INFO] PluginManage:359 - Loaded plugin pinoutandconfiguration (category:base,tabindex:1)
2026-05-05 22:17:42,846 [INFO] PluginManage:310 - Check plugin pinoutconfig
2026-05-05 22:17:42,909 [WARN] SupportedApi:132 - Cannot load RTOS API schema: s4s-elt-must-match.1: The content of 'definitions' must match (annotation?, (simpleType | complexType)?, (unique | key | keyref)*)). A problem was found starting at: attribute.
2026-05-05 22:17:42,999 [INFO] PluginManage:359 - Loaded plugin pinoutconfig (category:base,tabindex:0)
2026-05-05 22:17:42,999 [INFO] PluginManage:310 - Check plugin power
2026-05-05 22:17:43,013 [INFO] PluginManage:359 - Loaded plugin power (category:power,tabindex:4)
2026-05-05 22:17:43,014 [INFO] PluginManage:310 - Check plugin projectmanager
2026-05-05 22:17:43,022 [INFO] PluginManage:359 - Loaded plugin projectmanager (category:projectmanager,tabindex:4)
2026-05-05 22:17:43,022 [INFO] PluginManage:310 - Check plugin rif
2026-05-05 22:17:43,039 [INFO] PluginManage:359 - Loaded plugin rif (category:base,tabindex:3)
2026-05-05 22:17:43,040 [INFO] PluginManage:310 - Check plugin thirdparty
2026-05-05 22:17:43,260 [INFO] PluginManage:359 - Loaded plugin thirdparty (category:base,tabindex:-1)
2026-05-05 22:17:43,260 [INFO] PluginManage:310 - Check plugin tools
2026-05-05 22:17:43,260 [WARN] IntegrityCheckThread:84 - waiting for thirdparty lock release [integrity check]
2026-05-05 22:17:43,260 [INFO] IntegrityCheckThread:86 - entering critical section [integrity check]
2026-05-05 22:17:43,260 [INFO] ThirdPartyUpdaterWithRetryManager:70 - Updater plugin not ready yet. [1/15]
2026-05-05 22:17:43,287 [INFO] PluginManage:359 - Loaded plugin tools (category:base,tabindex:7)
2026-05-05 22:17:43,287 [INFO] PluginManage:310 - Check plugin tutovideos
2026-05-05 22:17:43,460 [INFO] PluginManage:359 - Loaded plugin tutovideos (category:base,tabindex:-1)
2026-05-05 22:17:43,460 [INFO] PluginManage:310 - Check plugin updater
2026-05-05 22:17:43,483 [INFO] PluginManage:359 - Loaded plugin updater (category:base,tabindex:12)
2026-05-05 22:17:43,483 [INFO] PluginManage:310 - Check plugin userauth
2026-05-05 22:17:43,487 [INFO] UserAuth:118 - Init User Auth plugin
2026-05-05 22:17:43,487 [INFO] PluginManage:359 - Loaded plugin userauth (category:base,tabindex:14)
2026-05-05 22:17:43,488 [INFO] PluginManage:283 - PluginManage : Loaded plugins [18]
2026-05-05 22:17:43,660 [INFO] PinOutPanel:1589 - setPackage(No Configuration,No Configuration)
2026-05-05 22:17:43,728 [INFO] CADModel:165 - CPN selected for project level
2026-05-05 22:17:43,728 [INFO] CADModel:114 - Register for checkConnection events
2026-05-05 22:17:43,749 [INFO] IPUIPlugin:80 - create IPUIPlugin
2026-05-05 22:17:43,749 [INFO] PluginManager:220 - loadIPPluginJar : add adc
2026-05-05 22:17:43,780 [INFO] IPUIPlugin:80 - create IPUIPlugin
2026-05-05 22:17:43,780 [INFO] PluginManager:220 - loadIPPluginJar : add aes
2026-05-05 22:17:43,816 [INFO] IPUIPlugin:80 - create IPUIPlugin
2026-05-05 22:17:43,816 [INFO] PluginManager:220 - loadIPPluginJar : add can
2026-05-05 22:17:43,833 [INFO] IPUIPlugin:80 - create IPUIPlugin
2026-05-05 22:17:43,833 [INFO] PluginManager:220 - loadIPPluginJar : add comp
2026-05-05 22:17:43,864 [INFO] IPUIPlugin:80 - create IPUIPlugin
2026-05-05 22:17:43,864 [INFO] PluginManager:220 - loadIPPluginJar : add cryp
2026-05-05 22:17:43,873 [INFO] IPUIPlugin:80 - create IPUIPlugin
2026-05-05 22:17:43,873 [INFO] PluginManager:220 - loadIPPluginJar : add ddr_ctrl_phy
2026-05-05 22:17:43,894 [INFO] IPUIPlugin:80 - create IPUIPlugin
2026-05-05 22:17:43,895 [INFO] PluginManager:220 - loadIPPluginJar : add dfsdm
2026-05-05 22:17:43,911 [INFO] IPUIPlugin:80 - create IPUIPlugin
2026-05-05 22:17:43,911 [INFO] PluginManager:220 - loadIPPluginJar : add dma
2026-05-05 22:17:43,945 [INFO] IPUIPlugin:80 - create IPUIPlugin
2026-05-05 22:17:43,945 [INFO] PluginManager:220 - loadIPPluginJar : add dma3
2026-05-05 22:17:43,976 [INFO] IPUIPlugin:80 - create IPUIPlugin
2026-05-05 22:17:43,976 [INFO] PluginManager:220 - loadIPPluginJar : add extmemmanager
2026-05-05 22:17:43,996 [INFO] IPUIPlugin:80 - create IPUIPlugin
2026-05-05 22:17:43,996 [INFO] PluginManager:220 - loadIPPluginJar : add fatfs
2026-05-05 22:17:44,030 [INFO] IPUIPlugin:80 - create IPUIPlugin
2026-05-05 22:17:44,030 [INFO] PluginManager:220 - loadIPPluginJar : add fmc
2026-05-05 22:17:44,050 [INFO] IPUIPlugin:80 - create IPUIPlugin
2026-05-05 22:17:44,050 [INFO] PluginManager:220 - loadIPPluginJar : add freertos
2026-05-05 22:17:44,064 [INFO] IPUIPlugin:80 - create IPUIPlugin
2026-05-05 22:17:44,064 [INFO] PluginManager:220 - loadIPPluginJar : add genericplugin
2026-05-05 22:17:44,143 [INFO] IPUIPlugin:80 - create IPUIPlugin
2026-05-05 22:17:44,143 [INFO] PluginManager:220 - loadIPPluginJar : add gfxmmu
2026-05-05 22:17:44,235 [INFO] IPUIPlugin:80 - create IPUIPlugin
2026-05-05 22:17:44,235 [INFO] PluginManager:220 - loadIPPluginJar : add gic
2026-05-05 22:17:44,262 [INFO] IPUIPlugin:80 - create IPUIPlugin
2026-05-05 22:17:44,262 [INFO] PluginManager:220 - loadIPPluginJar : add gpio
2026-05-05 22:17:44,343 [INFO] IPUIPlugin:80 - create IPUIPlugin
2026-05-05 22:17:44,343 [INFO] PluginManager:220 - loadIPPluginJar : add gtzc
2026-05-05 22:17:44,368 [INFO] IPUIPlugin:80 - create IPUIPlugin
2026-05-05 22:17:44,368 [INFO] PluginManager:220 - loadIPPluginJar : add hash
2026-05-05 22:17:44,407 [INFO] IPUIPlugin:80 - create IPUIPlugin
2026-05-05 22:17:44,407 [INFO] PluginManager:220 - loadIPPluginJar : add i2c
2026-05-05 22:17:44,438 [INFO] IPUIPlugin:80 - create IPUIPlugin
2026-05-05 22:17:44,438 [INFO] PluginManager:220 - loadIPPluginJar : add i2s
2026-05-05 22:17:44,467 [INFO] IPUIPlugin:80 - create IPUIPlugin
2026-05-05 22:17:44,467 [INFO] PluginManager:220 - loadIPPluginJar : add i3c
2026-05-05 22:17:44,536 [INFO] IPUIPlugin:80 - create IPUIPlugin
2026-05-05 22:17:44,536 [INFO] PluginManager:220 - loadIPPluginJar : add ipddr
2026-05-05 22:17:44,600 [INFO] IPUIPlugin:80 - create IPUIPlugin
2026-05-05 22:17:44,600 [INFO] PluginManager:220 - loadIPPluginJar : add linkedlist
2026-05-05 22:17:44,625 [INFO] IPUIPlugin:80 - create IPUIPlugin
2026-05-05 22:17:44,626 [INFO] PluginManager:220 - loadIPPluginJar : add lorawan
2026-05-05 22:17:44,655 [INFO] IPUIPlugin:80 - create IPUIPlugin
2026-05-05 22:17:44,655 [INFO] PluginManager:220 - loadIPPluginJar : add ltdc
2026-05-05 22:17:44,670 [INFO] IPUIPlugin:80 - create IPUIPlugin
2026-05-05 22:17:44,671 [INFO] PluginManager:220 - loadIPPluginJar : add mdma
2026-05-05 22:17:44,679 [INFO] IPUIPlugin:80 - create IPUIPlugin
2026-05-05 22:17:44,679 [INFO] PluginManager:220 - loadIPPluginJar : add nvic
2026-05-05 22:17:44,710 [INFO] IPUIPlugin:80 - create IPUIPlugin
2026-05-05 22:17:44,710 [INFO] PluginManager:220 - loadIPPluginJar : add opamp
2026-05-05 22:17:44,752 [INFO] IPUIPlugin:80 - create IPUIPlugin
2026-05-05 22:17:44,752 [INFO] PluginManager:220 - loadIPPluginJar : add openamp
2026-05-05 22:17:44,782 [INFO] IPUIPlugin:80 - create IPUIPlugin
2026-05-05 22:17:44,783 [INFO] PluginManager:220 - loadIPPluginJar : add pdm2pcm
2026-05-05 22:17:44,796 [INFO] IPUIPlugin:80 - create IPUIPlugin
2026-05-05 22:17:44,798 [INFO] PluginManager:220 - loadIPPluginJar : add plateformsettings
2026-05-05 22:17:44,813 [INFO] IPUIPlugin:80 - create IPUIPlugin
2026-05-05 22:17:44,813 [INFO] PluginManager:220 - loadIPPluginJar : add quadspi
2026-05-05 22:17:44,830 [INFO] IPUIPlugin:80 - create IPUIPlugin
2026-05-05 22:17:44,830 [INFO] PluginManager:220 - loadIPPluginJar : add radio
2026-05-05 22:17:44,838 [INFO] IPUIPlugin:80 - create IPUIPlugin
2026-05-05 22:17:44,838 [INFO] PluginManager:220 - loadIPPluginJar : add resmgrutility
2026-05-05 22:17:44,870 [INFO] IPUIPlugin:80 - create IPUIPlugin
2026-05-05 22:17:44,870 [INFO] PluginManager:220 - loadIPPluginJar : add sai
2026-05-05 22:17:44,896 [INFO] IPUIPlugin:80 - create IPUIPlugin
2026-05-05 22:17:44,896 [INFO] PluginManager:220 - loadIPPluginJar : add spi
2026-05-05 22:17:44,949 [INFO] IPUIPlugin:80 - create IPUIPlugin
2026-05-05 22:17:44,949 [INFO] PluginManager:220 - loadIPPluginJar : add stm32_wpan
2026-05-05 22:17:44,964 [INFO] IPUIPlugin:80 - create IPUIPlugin
2026-05-05 22:17:44,964 [INFO] PluginManager:220 - loadIPPluginJar : add tim
2026-05-05 22:17:45,005 [INFO] IPUIPlugin:80 - create IPUIPlugin
2026-05-05 22:17:45,005 [INFO] PluginManager:220 - loadIPPluginJar : add touchsensing
2026-05-05 22:17:45,021 [INFO] IPUIPlugin:80 - create IPUIPlugin
2026-05-05 22:17:45,021 [INFO] PluginManager:220 - loadIPPluginJar : add tracer_emb
2026-05-05 22:17:45,039 [INFO] IPUIPlugin:80 - create IPUIPlugin
2026-05-05 22:17:45,039 [INFO] PluginManager:220 - loadIPPluginJar : add ts
2026-05-05 22:17:45,054 [INFO] IPUIPlugin:80 - create IPUIPlugin
2026-05-05 22:17:45,054 [INFO] PluginManager:220 - loadIPPluginJar : add tsc
2026-05-05 22:17:45,070 [INFO] IPUIPlugin:80 - create IPUIPlugin
2026-05-05 22:17:45,070 [INFO] PluginManager:220 - loadIPPluginJar : add ucpd
2026-05-05 22:17:45,112 [INFO] IPUIPlugin:80 - create IPUIPlugin
2026-05-05 22:17:45,112 [INFO] PluginManager:220 - loadIPPluginJar : add usart
2026-05-05 22:17:45,142 [INFO] IPUIPlugin:80 - create IPUIPlugin
2026-05-05 22:17:45,142 [INFO] PluginManager:220 - loadIPPluginJar : add usbx
2026-05-05 22:17:45,266 [FATAL] Updater:351 - Updater called before beeing initialized
2026-05-05 22:17:45,298 [INFO] RulesReader:64 - Compatibility file has been processed (317 Rules)
2026-05-05 22:17:45,307 [INFO] RulesReader:64 - Compatibility file has been processed (317 Rules)
2026-05-05 22:17:45,319 [INFO] CADModel:165 - CPN selected for project level
2026-05-05 22:17:45,319 [INFO] CADModel:114 - Register for checkConnection events
2026-05-05 22:17:45,319 [FATAL] Updater:351 - Updater called before beeing initialized
2026-05-05 22:17:45,320 [ERROR] CADModel:125 - Updater not yet initialized, retry later 
2026-05-05 22:17:45,434 [FATAL] Updater:351 - Updater called before beeing initialized
2026-05-05 22:17:45,436 [INFO] CADModel:165 - CPN selected for project level
2026-05-05 22:17:45,436 [INFO] CADModel:114 - Register for checkConnection events
2026-05-05 22:17:45,436 [FATAL] Updater:351 - Updater called before beeing initialized
2026-05-05 22:17:45,436 [ERROR] CADModel:125 - Updater not yet initialized, retry later 
2026-05-05 22:17:45,438 [FATAL] Updater:351 - Updater called before beeing initialized
2026-05-05 22:17:45,518 [FATAL] Updater:351 - Updater called before beeing initialized
2026-05-05 22:17:45,526 [INFO] DbMcusAds:53 - JSON generation date=Mon Apr 27 03:14:29 COT 2026 (1777277669577)
2026-05-05 22:17:45,526 [FATAL] Updater:351 - Updater called before beeing initialized
2026-05-05 22:17:45,557 [WARN] DetailPanel:346 - Failed to get advertising image, set to default
2026-05-05 22:17:45,609 [FATAL] Updater:351 - Updater called before beeing initialized
2026-05-05 22:17:45,611 [FATAL] Updater:351 - Updater called before beeing initialized
2026-05-05 22:17:45,611 [FATAL] Updater:351 - Updater called before beeing initialized
2026-05-05 22:17:45,612 [WARN] DetailPanel:346 - Failed to get advertising image, set to default
2026-05-05 22:17:45,612 [FATAL] Updater:351 - Updater called before beeing initialized
2026-05-05 22:17:45,647 [ERROR] Updater:1198 - MainUpdater not yet initialized. External WinMGr cannot be set.
2026-05-05 22:17:45,655 [INFO] Updater:1134 - Updater Version found : 6.15.0
2026-05-05 22:17:45,668 [INFO] ApplicationProperties:184 - Using Application install path: C:\ST\STM32CubeIDE_1.19.0\STM32CubeIDE\plugins\com.st.stm32cube.common.mx_6.15.0.202507011659
2026-05-05 22:17:46,261 [INFO] ThirdPartyUpdaterWithRetryManager:70 - Updater plugin not ready yet. [2/15]
2026-05-05 22:17:47,248 [ERROR] LogOutputStream:75 - [STDERR_REDIRECT] May 05, 2026 10:17:47 PM java.util.prefs.WindowsPreferences <init>
2026-05-05 22:17:47,249 [ERROR] LogOutputStream:75 - [STDERR_REDIRECT] WARNING: Could not open/create prefs root node Software\JavaSoft\Prefs at root 0xffffffff80000002. Windows RegCreateKeyEx(...) returned error code 5.
2026-05-05 22:17:47,250 [ERROR] LogOutputStream:75 - [STDERR_REDIRECT] 
2026-05-05 22:17:47,452 [INFO] MainUpdater:2872 - connection check result : 10
2026-05-05 22:17:47,454 [INFO] MainUpdater:289 - Updater Check For Update Now.
2026-05-05 22:17:47,454 [INFO] MicroXplorer:498 - Change Database Version : DB.6.0.150
2026-05-05 22:17:47,465 [INFO] McuFinderGlobals:63 - Set McuFinder mode to 2 (CubeIDE integrated)
2026-05-05 22:17:47,465 [INFO] UserAuth:171 - activating auth plugin
2026-05-05 22:17:47,468 [INFO] UserAuth:487 - Internet connection configuration mode: 1
2026-05-05 22:17:47,515 [INFO] JxBrowserEngine:152 - Initiate JxBrowser Engine with user profile folder
2026-05-05 22:17:47,643 [INFO] CheckServerUpdateThread:120 - End of CheckServer Thread
2026-05-05 22:17:49,517 [INFO] WebApp:169 - Instantiating new browser for Auth
2026-05-05 22:17:49,821 [WARN] PackLoader:240 - Cannot read IP mode file for STMicroelectronics.X-CUBE-AZRTOS-H7.3.5.0
2026-05-05 22:17:49,837 [WARN] PackLoader:240 - Cannot read IP mode file for STMicroelectronics.FP-SNS-MOTENVWB1.1.4.0
2026-05-05 22:17:49,857 [WARN] PackLoader:240 - Cannot read IP mode file for STMicroelectronics.FP-ATR-ASTRA1.2.0.2
2026-05-05 22:17:49,885 [WARN] PackLoader:240 - Cannot read IP mode file for STMicroelectronics.X-CUBE-SMBUS.2.1.0
2026-05-05 22:17:49,943 [WARN] PackLoader:240 - Cannot read IP mode file for STMicroelectronics.X-CUBE-AZRTOS-F7.1.1.0
2026-05-05 22:17:49,959 [WARN] PackLoader:240 - Cannot read IP mode file for STMicroelectronics.FP-SNS-MOTENV1.5.1.0
2026-05-05 22:17:49,982 [WARN] PackLoader:240 - Cannot read IP mode file for WES.I-CUBE-Cesium.1.4.0
2026-05-05 22:17:50,034 [WARN] PackLoader:240 - Cannot read IP mode file for STMicroelectronics.X-CUBE-AZRTOS-H7.3.4.0
2026-05-05 22:17:50,058 [WARN] PackLoader:240 - Cannot read IP mode file for STMicroelectronics.X-CUBE-DISPLAY.3.0.0
2026-05-05 22:17:50,080 [WARN] PackLoader:240 - Cannot read IP mode file for STMicroelectronics.X-CUBE-GNSS1.7.1.1
2026-05-05 22:17:50,094 [WARN] PackLoader:240 - Cannot read IP mode file for STMicroelectronics.FP-SNS-MOTENVWB1.1.5.0
2026-05-05 22:17:50,106 [WARN] PackLoader:240 - Cannot read IP mode file for STMicroelectronics.X-CUBE-NFC10.1.0.0
2026-05-05 22:17:50,131 [WARN] PackLoader:240 - Cannot read IP mode file for STMicroelectronics.X-CUBE-ST60.1.1.0
2026-05-05 22:17:50,153 [WARN] PackLoader:240 - Cannot read IP mode file for emotas.I-CUBE-CANOPEN.1.3.0
2026-05-05 22:17:50,166 [WARN] PackLoader:240 - Cannot read IP mode file for STMicroelectronics.X-CUBE-GNSS1.7.1.0
2026-05-05 22:17:50,180 [WARN] PackLoader:240 - Cannot read IP mode file for STMicroelectronics.FP-SNS-STBOX1.2.1.0
2026-05-05 22:17:50,200 [WARN] PackLoader:240 - Cannot read IP mode file for STMicroelectronics.FP-SNS-SMARTAG2.1.2.0
2026-05-05 22:17:50,215 [WARN] PackLoader:240 - Cannot read IP mode file for STMicroelectronics.FP-SNS-FLIGHT1.5.1.0
2026-05-05 22:17:50,236 [INFO] LogOutputStream:77 - [STDOUT_REDIRECT] 1 : Invalid condition id : UX_CORESTACK_Condition cause : null
2026-05-05 22:17:50,236 [INFO] LogOutputStream:77 - [STDOUT_REDIRECT] 1 : Invalid condition id : UX_CORESTACK_Condition cause : null
2026-05-05 22:17:50,238 [INFO] LogOutputStream:77 - [STDOUT_REDIRECT] 1 : Invalid condition id : UX_CORESTACK_Condition cause : null
2026-05-05 22:17:50,238 [INFO] LogOutputStream:77 - [STDOUT_REDIRECT] 1 : Invalid condition id : UX_CORESTACK_Condition cause : null
2026-05-05 22:17:50,238 [INFO] LogOutputStream:77 - [STDOUT_REDIRECT] 1 : Invalid condition id : UX_CORESTACK_Condition cause : null
2026-05-05 22:17:50,240 [WARN] PackLoader:240 - Cannot read IP mode file for STMicroelectronics.X-CUBE-AZRTOS-WL.2.0.0
2026-05-05 22:17:50,296 [WARN] PackLoader:240 - Cannot read IP mode file for STMicroelectronics.X-CUBE-AZRTOS-H7RS.1.2.0
2026-05-05 22:17:50,320 [WARN] PackLoader:240 - Cannot read IP mode file for STMicroelectronics.X-CUBE-BLE2.3.3.0
2026-05-05 22:17:50,369 [WARN] PackLoader:240 - Cannot read IP mode file for Infineon.AIROC-Wi-Fi-Bluetooth-STM32.1.8.0
2026-05-05 22:17:50,387 [WARN] PackLoader:240 - Cannot read IP mode file for STMicroelectronics.X-CUBE-NFC9.1.0.0
2026-05-05 22:17:50,406 [WARN] PackLoader:240 - Cannot read IP mode file for wolfSSL.I-CUBE-wolfSSL.5.8.2
2026-05-05 22:17:50,418 [WARN] PackLoader:240 - Cannot read IP mode file for STMicroelectronics.X-CUBE-BLE1.7.1.0
2026-05-05 22:17:50,429 [WARN] PackLoader:240 - Cannot read IP mode file for wolfSSL.I-CUBE-wolfMQTT.1.19.2
2026-05-05 22:17:50,441 [WARN] PackLoader:240 - Cannot read IP mode file for STMicroelectronics.X-CUBE-FREERTOS.1.4.0
2026-05-05 22:17:50,455 [WARN] PackLoader:240 - Cannot read IP mode file for STMicroelectronics.X-CUBE-EEPRMA1.5.2.0
2026-05-05 22:17:50,467 [WARN] PackLoader:240 - Cannot read IP mode file for Cesanta.I-CUBE-Mongoose.7.20.0
2026-05-05 22:17:50,482 [WARN] PackLoader:240 - Cannot read IP mode file for STMicroelectronics.X-CUBE-ST67W61.1.1.0
2026-05-05 22:17:50,493 [WARN] PackLoader:240 - Cannot read IP mode file for STMicroelectronics.FP-SNS-STAIOTCFT.1.1.0
2026-05-05 22:17:50,522 [WARN] PackLoader:240 - Cannot read IP mode file for STMicroelectronics.X-CUBE-MEMS1.12.0.0
2026-05-05 22:17:50,615 [INFO] WebApp:463 - Apply proxy settings
2026-05-05 22:17:50,615 [INFO] WebApp:548 - Chromium requires no authentication
2026-05-05 22:17:50,630 [WARN] PackLoader:240 - Cannot read IP mode file for STMicroelectronics.X-CUBE-AZRTOS-G0.1.1.0
2026-05-05 22:17:50,649 [WARN] PackLoader:240 - Cannot read IP mode file for STMicroelectronics.X-CUBE-NFC4.3.0.0
2026-05-05 22:17:50,659 [INFO] WebApp:491 - Direct internet connection detected
2026-05-05 22:17:50,667 [WARN] PackLoader:240 - Cannot read IP mode file for EmbeddedOffice.I-CUBE-FS-RTOS.1.0.1
2026-05-05 22:17:50,712 [WARN] PackLoader:240 - Cannot read IP mode file for STMicroelectronics.X-CUBE-WB05N.2.0.0
2026-05-05 22:17:50,724 [WARN] PackLoader:240 - Cannot read IP mode file for wolfSSL.I-CUBE-wolfTPM.3.8.0
2026-05-05 22:17:50,747 [WARN] PackLoader:240 - Cannot read IP mode file for STMicroelectronics.X-CUBE-TCPP.4.2.0
2026-05-05 22:17:50,760 [INFO] WebApp:900 - Register for checkConnection events
2026-05-05 22:17:50,760 [INFO] WebApp:463 - Apply proxy settings
2026-05-05 22:17:50,760 [INFO] WebApp:548 - Chromium requires no authentication
2026-05-05 22:17:50,761 [INFO] WebApp:491 - Direct internet connection detected
2026-05-05 22:17:50,766 [WARN] PackLoader:240 - Cannot read IP mode file for RealThread.X-CUBE-RT-Thread_Nano.4.1.1
2026-05-05 22:17:50,783 [WARN] PackLoader:240 - Cannot read IP mode file for STMicroelectronics.FP-ATR-SIGFOX1.3.2.0
2026-05-05 22:17:50,795 [WARN] PackLoader:240 - Cannot read IP mode file for STMicroelectronics.X-CUBE-FREERTOS.1.5.0
2026-05-05 22:17:50,810 [WARN] PackLoader:240 - Cannot read IP mode file for ITTIA_DB.I-CUBE-ITTIADB.8.9.0
2026-05-05 22:17:50,823 [WARN] PackLoader:240 - Cannot read IP mode file for STMicroelectronics.X-CUBE-NFC6.3.2.0
2026-05-05 22:17:50,833 [WARN] PackLoader:240 - Cannot read IP mode file for STMicroelectronics.X-CUBE-AI.10.2.0
2026-05-05 22:17:50,867 [WARN] PackLoader:240 - Cannot read IP mode file for STMicroelectronics.X-CUBE-MEMS1.12.1.0
2026-05-05 22:17:50,924 [WARN] PackLoader:240 - Cannot read IP mode file for SEGGER.I-CUBE-embOS.1.3.1
2026-05-05 22:17:50,959 [WARN] PackLoader:240 - Cannot read IP mode file for STMicroelectronics.X-CUBE-ALGOBUILD.1.4.0
2026-05-05 22:17:50,976 [WARN] PackLoader:240 - Cannot read IP mode file for STMicroelectronics.X-CUBE-PM33A1.1.0.0
2026-05-05 22:17:50,994 [WARN] PackLoader:240 - Cannot read IP mode file for STMicroelectronics.X-CUBE-AZRTOS-F4.1.1.0
2026-05-05 22:17:51,007 [WARN] PackLoader:240 - Cannot read IP mode file for STMicroelectronics.X-CUBE-ISPU.2.1.0
2026-05-05 22:17:51,032 [WARN] PackLoader:240 - Cannot read IP mode file for STMicroelectronics.X-CUBE-IPS.3.2.0
2026-05-05 22:17:51,049 [WARN] PackLoader:240 - Cannot read IP mode file for STMicroelectronics.eDS-WB_DPC_TT-BIDIR.2.1.1
2026-05-05 22:17:51,063 [WARN] PackLoader:240 - Cannot read IP mode file for STMicroelectronics.X-CUBE-NFC12.1.0.0
2026-05-05 22:17:51,077 [INFO] WebApp:225 - Starting web application
2026-05-05 22:17:51,077 [INFO] WebApp:593 - Web application path used C:\ST\STM32CubeIDE_1.19.0\STM32CubeIDE\plugins\com.st.stm32cube.common.mx_6.15.0.202507011659\db\plugins\mcufinder\reactClient1\index.html
2026-05-05 22:17:51,091 [WARN] PackLoader:240 - Cannot read IP mode file for STMicroelectronics.X-CUBE-AZRTOS-L5.2.0.0
2026-05-05 22:17:51,107 [WARN] PackLoader:240 - Cannot read IP mode file for STMicroelectronics.X-CUBE-NFC6.3.1.0
2026-05-05 22:17:51,127 [WARN] PackLoader:240 - Cannot read IP mode file for STMicroelectronics.eDS-WB_DPC_VIENNA.1.2.0
2026-05-05 22:17:51,140 [WARN] PackLoader:240 - Cannot read IP mode file for STMicroelectronics.eDS-WB_DPC_3PH2L-BIDIR.1.1.1
2026-05-05 22:17:51,151 [ERROR] Engine:466 - C:\Users\USER\.stm32cubemx\thirdparties\pdsc\STMicroelectronics.X-CUBE-ST67W61.1.3.0.pdsc: PDSC version is not supported
2026-05-05 22:17:51,161 [WARN] PackLoader:240 - Cannot read IP mode file for STMicroelectronics.X-CUBE-TOUCHGFX.4.26.0
2026-05-05 22:17:51,170 [WARN] PackLoader:240 - Cannot read IP mode file for STMicroelectronics.X-CUBE-TOUCHGFX.4.26.1
2026-05-05 22:17:51,178 [WARN] PackLoader:240 - Cannot read IP mode file for STMicroelectronics.FP-SNS-STAIOTCFT.1.0.0
2026-05-05 22:17:51,188 [WARN] PackLoader:240 - Cannot read IP mode file for STMicroelectronics.X-CUBE-DPower.1.3.0
2026-05-05 22:17:51,207 [WARN] ConditionMgr:438 - getConditionDescription Invalid condition id : LAN8742 Phy interface Condition cause : null
2026-05-05 22:17:51,207 [WARN] PackLoader:240 - Cannot read IP mode file for STMicroelectronics.X-CUBE-AZRTOS-L4.2.0.0
2026-05-05 22:17:51,207 [WARN] ConditionMgr:1044 - genDependencies : Invalid condition id : LAN8742 Phy interface Condition cause : null
2026-05-05 22:17:51,207 [WARN] ConditionMgr:1044 - genDependencies : Invalid condition id : LAN8742 Phy interface Condition cause : null
2026-05-05 22:17:51,207 [WARN] ConditionMgr:1044 - genDependencies : Invalid condition id : LAN8742 Phy interface Condition cause : null
2026-05-05 22:17:51,219 [WARN] PackLoader:240 - Cannot read IP mode file for STMicroelectronics.X-CUBE-SFXS2LP1.4.0.0
2026-05-05 22:17:51,233 [WARN] PackLoader:240 - Cannot read IP mode file for STMicroelectronics.X-CUBE-WB05N.2.1.0
2026-05-05 22:17:51,243 [WARN] PackLoader:240 - Cannot read IP mode file for STMicroelectronics.X-CUBE-ST67W61.1.2.0
2026-05-05 22:17:51,259 [WARN] PackLoader:240 - Cannot read IP mode file for STMicroelectronics.X-CUBE-BLEMGR.4.1.0
2026-05-05 22:17:51,284 [WARN] ConditionMgr:438 - getConditionDescription Invalid condition id : UX DEVICE CLASS RTOS Condition cause : null
2026-05-05 22:17:51,284 [WARN] ConditionMgr:438 - getConditionDescription Invalid condition id : UX DEVICE CLASS RTOS Condition cause : null
2026-05-05 22:17:51,286 [WARN] PackLoader:240 - Cannot read IP mode file for STMicroelectronics.X-CUBE-AZRTOS-WB.2.0.0
2026-05-05 22:17:51,286 [WARN] ConditionMgr:1044 - genDependencies : Invalid condition id : UX DEVICE CLASS RTOS Condition cause : null
2026-05-05 22:17:51,286 [WARN] ConditionMgr:1044 - genDependencies : Invalid condition id : UX DEVICE CLASS RTOS Condition cause : null
2026-05-05 22:17:51,286 [WARN] ConditionMgr:1044 - genDependencies : Invalid condition id : UX DEVICE CLASS RTOS Condition cause : null
2026-05-05 22:17:51,286 [WARN] ConditionMgr:1044 - genDependencies : Invalid condition id : UX DEVICE CLASS RTOS Condition cause : null
2026-05-05 22:17:51,286 [WARN] ConditionMgr:1044 - genDependencies : Invalid condition id : UX DEVICE CLASS RTOS Condition cause : null
2026-05-05 22:17:51,298 [WARN] ConditionMgr:438 - getConditionDescription Invalid condition id : Cortex-A Device cause : null
2026-05-05 22:17:51,307 [WARN] ConditionMgr:1044 - genDependencies : Invalid condition id : Cortex-A Device cause : null
2026-05-05 22:17:51,308 [WARN] ConditionMgr:1044 - genDependencies : Invalid condition id : Cortex-A Device cause : null
2026-05-05 22:17:51,308 [WARN] ConditionMgr:1044 - genDependencies : Invalid condition id : Cortex-A Device cause : null
2026-05-05 22:17:51,319 [WARN] PackLoader:240 - Cannot read IP mode file for STMicroelectronics.X-CUBE-STSE01.2.0.0
2026-05-05 22:17:51,331 [WARN] PackLoader:240 - Cannot read IP mode file for STMicroelectronics.X-CUBE-SUBG2.5.0.0
2026-05-05 22:17:51,350 [WARN] PackLoader:240 - Cannot read IP mode file for STMicroelectronics.X-CUBE-AZRTOS-G4.2.0.0
2026-05-05 22:17:51,362 [WARN] PackLoader:240 - Cannot read IP mode file for wolfSSL.I-CUBE-wolfSSH.1.4.20
2026-05-05 22:17:51,376 [WARN] PackLoader:240 - Cannot read IP mode file for STMicroelectronics.X-CUBE-NFC7.2.0.0
2026-05-05 22:17:51,388 [WARN] PackLoader:240 - Cannot read IP mode file for STMicroelectronics.X-CUBE-ALS.1.0.2
2026-05-05 22:17:51,398 [WARN] PackLoader:240 - Cannot read IP mode file for STMicroelectronics.X-CUBE-STSE01.1.0.0
2026-05-05 22:17:51,411 [WARN] PackLoader:240 - Cannot read IP mode file for STMicroelectronics.X-CUBE-TOF1.3.4.3
2026-05-05 22:17:51,415 [INFO] ThirdParty:978 - Integrity check success = true
2026-05-05 22:17:51,415 [INFO] IntegrityCheckThread:100 - exiting critical section [integrity check]
2026-05-05 22:17:51,415 [INFO] IntegrityCheckThread:103 - End integrity checks thread
2026-05-05 22:17:51,943 [INFO] WebApp:191 - Connection restablished
2026-05-05 23:21:03,062 [ERROR] LogOutputStream:75 - [STDERR_REDIRECT] 
