2026-04-02 22:12:42,542 [INFO] Activator:176 - 


2026-04-02 22:12:42,548 [INFO] Activator:177 - !SESSION log4j initialized
2026-04-02 22:12:46,795 [INFO] LogOutputStream:77 - [STDOUT_REDIRECT] 
2026-04-02 22:12:53,232 [INFO] ApplicationProperties:184 - Using Application install path: C:\ST\STM32CubeIDE_1.19.0\STM32CubeIDE\plugins\com.st.stm32cube.common.mx_6.15.0.202507011659
2026-04-02 22:12:53,245 [INFO] DbMcusXml:78 - Set database path to: C:\ST\STM32CubeIDE_1.19.0\STM32CubeIDE\plugins\com.st.stm32cube.common.mx_6.15.0.202507011659\\db\/mcu/
2026-04-02 22:12:53,245 [INFO] ApiDb:274 - Set plugin database path to: C:\ST\STM32CubeIDE_1.19.0\STM32CubeIDE\plugins\com.st.stm32cube.common.mx_6.15.0.202507011659\\db\/plugins/boardmanager/
2026-04-02 22:12:53,246 [WARN] ApiDb:259 - Overriding images path with different value:  => C:\ST\STM32CubeIDE_1.19.0\STM32CubeIDE\plugins\com.st.stm32cube.common.mx_6.15.0.202507011659\\db\/plugins/mcufinder/images/
2026-04-02 22:12:53,257 [INFO] ApiDb:250 - Set database path to: C:\Users\USER\.stmcufinder\plugins\mcufinder//mcu/
2026-04-02 22:12:53,258 [INFO] DbMcusAds:125 - Set database path to: C:\Users\USER\.stmcufinder\plugins\mcufinder//mcu/
2026-04-02 22:12:53,272 [INFO] CrossReferenceDbSqlite:203 - Set database path to: C:\Users\USER\.stmcufinder\plugins\mcufinder//mcu/cs/
2026-04-02 22:12:53,359 [INFO] RulesReader:64 - Compatibility file has been processed (317 Rules)
2026-04-02 22:12:53,423 [INFO] DbMcusXml:78 - Set database path to: C:\ST\STM32CubeIDE_1.19.0\STM32CubeIDE\plugins\com.st.stm32cube.common.mx_6.15.0.202507011659\\db\/mcu/
2026-04-02 22:12:53,423 [INFO] ApiDb:274 - Set plugin database path to: C:\ST\STM32CubeIDE_1.19.0\STM32CubeIDE\plugins\com.st.stm32cube.common.mx_6.15.0.202507011659\\db\/plugins/boardmanager/
2026-04-02 22:12:53,423 [INFO] ApiDb:261 - Set plugin images path to: C:\ST\STM32CubeIDE_1.19.0\STM32CubeIDE\plugins\com.st.stm32cube.common.mx_6.15.0.202507011659\\db\/plugins/mcufinder/images/
2026-04-02 22:12:53,424 [WARN] DbFile:41 - Overriding database path with different value: C:\Users\USER\.stmcufinder\plugins\mcufinder/ => C:\Users\USER\.stmcufinder\plugins\mcufinder
2026-04-02 22:12:53,424 [INFO] ApiDb:250 - Set database path to: C:\Users\USER\.stmcufinder\plugins\mcufinder//mcu/
2026-04-02 22:12:53,424 [WARN] DbFile:41 - Overriding database path with different value: C:\Users\USER\.stmcufinder\plugins\mcufinder/ => C:\Users\USER\.stmcufinder\plugins\mcufinder
2026-04-02 22:12:53,424 [INFO] DbMcusAds:125 - Set database path to: C:\Users\USER\.stmcufinder\plugins\mcufinder//mcu/
2026-04-02 22:12:53,424 [WARN] DbFile:41 - Overriding database path with different value: C:\Users\USER\.stmcufinder\plugins\mcufinder/ => C:\Users\USER\.stmcufinder\plugins\mcufinder
2026-04-02 22:12:53,424 [WARN] DbFile:41 - Overriding database path with different value: C:\Users\USER\.stmcufinder\plugins\mcufinder/ => C:\Users\USER\.stmcufinder\plugins\mcufinder
2026-04-02 22:12:53,424 [INFO] CrossReferenceDbSqlite:203 - Set database path to: C:\Users\USER\.stmcufinder\plugins\mcufinder//mcu/cs/
2026-04-02 22:12:53,481 [INFO] MainPanel:274 - HeapMemory: 268435456
2026-04-02 22:12:53,570 [INFO] DbMcusXml:78 - Set database path to: C:\ST\STM32CubeIDE_1.19.0\STM32CubeIDE\plugins\com.st.stm32cube.common.mx_6.15.0.202507011659\\db\/mcu/
2026-04-02 22:12:53,570 [INFO] ApiDb:274 - Set plugin database path to: C:\ST\STM32CubeIDE_1.19.0\STM32CubeIDE\plugins\com.st.stm32cube.common.mx_6.15.0.202507011659\\db\/plugins/boardmanager/
2026-04-02 22:12:53,570 [INFO] ApiDb:261 - Set plugin images path to: C:\ST\STM32CubeIDE_1.19.0\STM32CubeIDE\plugins\com.st.stm32cube.common.mx_6.15.0.202507011659\\db\/plugins/mcufinder/images/
2026-04-02 22:12:53,571 [WARN] DbFile:41 - Overriding database path with different value: C:\Users\USER\.stmcufinder\plugins\mcufinder/ => C:\Users\USER\.stmcufinder\plugins\mcufinder
2026-04-02 22:12:53,571 [INFO] ApiDb:250 - Set database path to: C:\Users\USER\.stmcufinder\plugins\mcufinder//mcu/
2026-04-02 22:12:53,571 [WARN] DbFile:41 - Overriding database path with different value: C:\Users\USER\.stmcufinder\plugins\mcufinder/ => C:\Users\USER\.stmcufinder\plugins\mcufinder
2026-04-02 22:12:53,571 [INFO] DbMcusAds:125 - Set database path to: C:\Users\USER\.stmcufinder\plugins\mcufinder//mcu/
2026-04-02 22:12:53,571 [WARN] DbFile:41 - Overriding database path with different value: C:\Users\USER\.stmcufinder\plugins\mcufinder/ => C:\Users\USER\.stmcufinder\plugins\mcufinder
2026-04-02 22:12:53,571 [WARN] DbFile:41 - Overriding database path with different value: C:\Users\USER\.stmcufinder\plugins\mcufinder/ => C:\Users\USER\.stmcufinder\plugins\mcufinder
2026-04-02 22:12:53,571 [INFO] CrossReferenceDbSqlite:203 - Set database path to: C:\Users\USER\.stmcufinder\plugins\mcufinder//mcu/cs/
2026-04-02 22:12:53,584 [INFO] ApplicationProperties:184 - Using Application install path: C:\ST\STM32CubeIDE_1.19.0\STM32CubeIDE\plugins\com.st.stm32cube.common.mx_6.15.0.202507011659
2026-04-02 22:12:53,585 [INFO] PluginManage:196 - Search for loadable plugins [exclusion list=, ]
2026-04-02 22:12:53,587 [INFO] PluginManage:310 - Check plugin analytics
2026-04-02 22:12:59,189 [INFO] AnalyticsPlugin:253 - Accepted Software Licenses: STM32CubeMX.6.16.1
2026-04-02 22:12:59,189 [INFO] AnalyticsPlugin:255 - Accepted CMSIS Pack Licenses: 
2026-04-02 22:12:59,189 [INFO] AnalyticsPlugin:257 - Accepted Firmware Licenses: FW.F4.1.28.0
2026-04-02 22:12:59,189 [INFO] PluginManage:359 - Loaded plugin analytics (category:tool,tabindex:-1)
2026-04-02 22:12:59,189 [INFO] PluginManage:310 - Check plugin cadmodel
2026-04-02 22:12:59,211 [INFO] CADModel:105 - Init CAD model plugin
2026-04-02 22:12:59,211 [INFO] PluginManage:359 - Loaded plugin cadmodel (category:power,tabindex:5)
2026-04-02 22:12:59,211 [INFO] PluginManage:310 - Check plugin clock
2026-04-02 22:12:59,232 [INFO] PluginManage:359 - Loaded plugin clock (category:base,tabindex:2)
2026-04-02 22:12:59,232 [INFO] PluginManage:310 - Check plugin ddr
2026-04-02 22:12:59,232 [INFO] PluginManage:359 - Loaded plugin ddr (category:tool,tabindex:6)
2026-04-02 22:12:59,232 [INFO] PluginManage:310 - Check plugin filemanager
2026-04-02 22:12:59,399 [INFO] PluginManage:359 - Loaded plugin filemanager (category:base,tabindex:10)
2026-04-02 22:12:59,399 [INFO] PluginManage:310 - Check plugin ipmanager
2026-04-02 22:12:59,401 [INFO] PluginManage:359 - Loaded plugin ipmanager (category:base,tabindex:5)
2026-04-02 22:12:59,401 [INFO] PluginManage:310 - Check plugin lpbam
2026-04-02 22:12:59,416 [INFO] PluginManage:359 - Loaded plugin lpbam (category:base,tabindex:0)
2026-04-02 22:12:59,416 [INFO] PluginManage:310 - Check plugin memorymap
2026-04-02 22:12:59,459 [INFO] PluginManage:359 - Loaded plugin memorymap (category:base,tabindex:4)
2026-04-02 22:12:59,459 [INFO] PluginManage:310 - Check plugin pinoutandconfiguration
2026-04-02 22:12:59,480 [INFO] PluginManage:359 - Loaded plugin pinoutandconfiguration (category:base,tabindex:1)
2026-04-02 22:12:59,480 [INFO] PluginManage:310 - Check plugin pinoutconfig
2026-04-02 22:12:59,614 [WARN] SupportedApi:132 - Cannot load RTOS API schema: s4s-elt-must-match.1: The content of 'definitions' must match (annotation?, (simpleType | complexType)?, (unique | key | keyref)*)). A problem was found starting at: attribute.
2026-04-02 22:12:59,874 [INFO] PluginManage:359 - Loaded plugin pinoutconfig (category:base,tabindex:0)
2026-04-02 22:12:59,874 [INFO] PluginManage:310 - Check plugin power
2026-04-02 22:12:59,899 [INFO] PluginManage:359 - Loaded plugin power (category:power,tabindex:4)
2026-04-02 22:12:59,899 [INFO] PluginManage:310 - Check plugin projectmanager
2026-04-02 22:12:59,917 [INFO] PluginManage:359 - Loaded plugin projectmanager (category:projectmanager,tabindex:4)
2026-04-02 22:12:59,917 [INFO] PluginManage:310 - Check plugin rif
2026-04-02 22:12:59,958 [INFO] PluginManage:359 - Loaded plugin rif (category:base,tabindex:3)
2026-04-02 22:12:59,959 [INFO] PluginManage:310 - Check plugin thirdparty
2026-04-02 22:13:00,287 [INFO] PluginManage:359 - Loaded plugin thirdparty (category:base,tabindex:-1)
2026-04-02 22:13:00,287 [WARN] IntegrityCheckThread:84 - waiting for thirdparty lock release [integrity check]
2026-04-02 22:13:00,288 [INFO] IntegrityCheckThread:86 - entering critical section [integrity check]
2026-04-02 22:13:00,288 [INFO] PluginManage:310 - Check plugin tools
2026-04-02 22:13:00,288 [INFO] ThirdPartyUpdaterWithRetryManager:70 - Updater plugin not ready yet. [1/15]
2026-04-02 22:13:00,319 [INFO] PluginManage:359 - Loaded plugin tools (category:base,tabindex:7)
2026-04-02 22:13:00,319 [INFO] PluginManage:310 - Check plugin tutovideos
2026-04-02 22:13:00,501 [INFO] PluginManage:359 - Loaded plugin tutovideos (category:base,tabindex:-1)
2026-04-02 22:13:00,501 [INFO] PluginManage:310 - Check plugin updater
2026-04-02 22:13:00,518 [INFO] PluginManage:359 - Loaded plugin updater (category:base,tabindex:12)
2026-04-02 22:13:00,519 [INFO] PluginManage:310 - Check plugin userauth
2026-04-02 22:13:00,522 [INFO] UserAuth:118 - Init User Auth plugin
2026-04-02 22:13:00,522 [INFO] PluginManage:359 - Loaded plugin userauth (category:base,tabindex:14)
2026-04-02 22:13:00,523 [INFO] PluginManage:283 - PluginManage : Loaded plugins [18]
2026-04-02 22:13:00,711 [INFO] PinOutPanel:1589 - setPackage(No Configuration,No Configuration)
2026-04-02 22:13:00,779 [INFO] CADModel:165 - CPN selected for project level
2026-04-02 22:13:00,779 [INFO] CADModel:114 - Register for checkConnection events
2026-04-02 22:13:00,802 [INFO] IPUIPlugin:80 - create IPUIPlugin
2026-04-02 22:13:00,802 [INFO] PluginManager:220 - loadIPPluginJar : add adc
2026-04-02 22:13:00,835 [INFO] IPUIPlugin:80 - create IPUIPlugin
2026-04-02 22:13:00,835 [INFO] PluginManager:220 - loadIPPluginJar : add aes
2026-04-02 22:13:00,869 [INFO] IPUIPlugin:80 - create IPUIPlugin
2026-04-02 22:13:00,869 [INFO] PluginManager:220 - loadIPPluginJar : add can
2026-04-02 22:13:00,894 [INFO] IPUIPlugin:80 - create IPUIPlugin
2026-04-02 22:13:00,895 [INFO] PluginManager:220 - loadIPPluginJar : add comp
2026-04-02 22:13:00,924 [INFO] IPUIPlugin:80 - create IPUIPlugin
2026-04-02 22:13:00,924 [INFO] PluginManager:220 - loadIPPluginJar : add cryp
2026-04-02 22:13:00,933 [INFO] IPUIPlugin:80 - create IPUIPlugin
2026-04-02 22:13:00,933 [INFO] PluginManager:220 - loadIPPluginJar : add ddr_ctrl_phy
2026-04-02 22:13:00,958 [INFO] IPUIPlugin:80 - create IPUIPlugin
2026-04-02 22:13:00,958 [INFO] PluginManager:220 - loadIPPluginJar : add dfsdm
2026-04-02 22:13:00,973 [INFO] IPUIPlugin:80 - create IPUIPlugin
2026-04-02 22:13:00,973 [INFO] PluginManager:220 - loadIPPluginJar : add dma
2026-04-02 22:13:01,004 [INFO] IPUIPlugin:80 - create IPUIPlugin
2026-04-02 22:13:01,004 [INFO] PluginManager:220 - loadIPPluginJar : add dma3
2026-04-02 22:13:01,054 [INFO] IPUIPlugin:80 - create IPUIPlugin
2026-04-02 22:13:01,054 [INFO] PluginManager:220 - loadIPPluginJar : add extmemmanager
2026-04-02 22:13:01,072 [INFO] IPUIPlugin:80 - create IPUIPlugin
2026-04-02 22:13:01,072 [INFO] PluginManager:220 - loadIPPluginJar : add fatfs
2026-04-02 22:13:01,118 [INFO] IPUIPlugin:80 - create IPUIPlugin
2026-04-02 22:13:01,118 [INFO] PluginManager:220 - loadIPPluginJar : add fmc
2026-04-02 22:13:01,138 [INFO] IPUIPlugin:80 - create IPUIPlugin
2026-04-02 22:13:01,138 [INFO] PluginManager:220 - loadIPPluginJar : add freertos
2026-04-02 22:13:01,156 [INFO] IPUIPlugin:80 - create IPUIPlugin
2026-04-02 22:13:01,156 [INFO] PluginManager:220 - loadIPPluginJar : add genericplugin
2026-04-02 22:13:01,219 [INFO] IPUIPlugin:80 - create IPUIPlugin
2026-04-02 22:13:01,219 [INFO] PluginManager:220 - loadIPPluginJar : add gfxmmu
2026-04-02 22:13:01,322 [INFO] IPUIPlugin:80 - create IPUIPlugin
2026-04-02 22:13:01,322 [INFO] PluginManager:220 - loadIPPluginJar : add gic
2026-04-02 22:13:01,332 [INFO] IPUIPlugin:80 - create IPUIPlugin
2026-04-02 22:13:01,332 [INFO] PluginManager:220 - loadIPPluginJar : add gpio
2026-04-02 22:13:01,393 [INFO] IPUIPlugin:80 - create IPUIPlugin
2026-04-02 22:13:01,393 [INFO] PluginManager:220 - loadIPPluginJar : add gtzc
2026-04-02 22:13:01,427 [INFO] IPUIPlugin:80 - create IPUIPlugin
2026-04-02 22:13:01,427 [INFO] PluginManager:220 - loadIPPluginJar : add hash
2026-04-02 22:13:01,483 [INFO] IPUIPlugin:80 - create IPUIPlugin
2026-04-02 22:13:01,483 [INFO] PluginManager:220 - loadIPPluginJar : add i2c
2026-04-02 22:13:01,527 [INFO] IPUIPlugin:80 - create IPUIPlugin
2026-04-02 22:13:01,527 [INFO] PluginManager:220 - loadIPPluginJar : add i2s
2026-04-02 22:13:01,577 [INFO] IPUIPlugin:80 - create IPUIPlugin
2026-04-02 22:13:01,578 [INFO] PluginManager:220 - loadIPPluginJar : add i3c
2026-04-02 22:13:01,684 [INFO] IPUIPlugin:80 - create IPUIPlugin
2026-04-02 22:13:01,684 [INFO] PluginManager:220 - loadIPPluginJar : add ipddr
2026-04-02 22:13:01,767 [INFO] IPUIPlugin:80 - create IPUIPlugin
2026-04-02 22:13:01,767 [INFO] PluginManager:220 - loadIPPluginJar : add linkedlist
2026-04-02 22:13:01,799 [INFO] IPUIPlugin:80 - create IPUIPlugin
2026-04-02 22:13:01,799 [INFO] PluginManager:220 - loadIPPluginJar : add lorawan
2026-04-02 22:13:01,834 [INFO] IPUIPlugin:80 - create IPUIPlugin
2026-04-02 22:13:01,834 [INFO] PluginManager:220 - loadIPPluginJar : add ltdc
2026-04-02 22:13:01,853 [INFO] IPUIPlugin:80 - create IPUIPlugin
2026-04-02 22:13:01,854 [INFO] PluginManager:220 - loadIPPluginJar : add mdma
2026-04-02 22:13:01,865 [INFO] IPUIPlugin:80 - create IPUIPlugin
2026-04-02 22:13:01,865 [INFO] PluginManager:220 - loadIPPluginJar : add nvic
2026-04-02 22:13:01,910 [INFO] IPUIPlugin:80 - create IPUIPlugin
2026-04-02 22:13:01,910 [INFO] PluginManager:220 - loadIPPluginJar : add opamp
2026-04-02 22:13:01,992 [INFO] IPUIPlugin:80 - create IPUIPlugin
2026-04-02 22:13:01,992 [INFO] PluginManager:220 - loadIPPluginJar : add openamp
2026-04-02 22:13:02,028 [INFO] IPUIPlugin:80 - create IPUIPlugin
2026-04-02 22:13:02,028 [INFO] PluginManager:220 - loadIPPluginJar : add pdm2pcm
2026-04-02 22:13:02,041 [INFO] IPUIPlugin:80 - create IPUIPlugin
2026-04-02 22:13:02,042 [INFO] PluginManager:220 - loadIPPluginJar : add plateformsettings
2026-04-02 22:13:02,063 [INFO] IPUIPlugin:80 - create IPUIPlugin
2026-04-02 22:13:02,063 [INFO] PluginManager:220 - loadIPPluginJar : add quadspi
2026-04-02 22:13:02,085 [INFO] IPUIPlugin:80 - create IPUIPlugin
2026-04-02 22:13:02,085 [INFO] PluginManager:220 - loadIPPluginJar : add radio
2026-04-02 22:13:02,101 [INFO] IPUIPlugin:80 - create IPUIPlugin
2026-04-02 22:13:02,101 [INFO] PluginManager:220 - loadIPPluginJar : add resmgrutility
2026-04-02 22:13:02,136 [INFO] IPUIPlugin:80 - create IPUIPlugin
2026-04-02 22:13:02,136 [INFO] PluginManager:220 - loadIPPluginJar : add sai
2026-04-02 22:13:02,167 [INFO] IPUIPlugin:80 - create IPUIPlugin
2026-04-02 22:13:02,167 [INFO] PluginManager:220 - loadIPPluginJar : add spi
2026-04-02 22:13:02,221 [INFO] IPUIPlugin:80 - create IPUIPlugin
2026-04-02 22:13:02,221 [INFO] PluginManager:220 - loadIPPluginJar : add stm32_wpan
2026-04-02 22:13:02,240 [INFO] IPUIPlugin:80 - create IPUIPlugin
2026-04-02 22:13:02,240 [INFO] PluginManager:220 - loadIPPluginJar : add tim
2026-04-02 22:13:02,290 [INFO] IPUIPlugin:80 - create IPUIPlugin
2026-04-02 22:13:02,290 [INFO] PluginManager:220 - loadIPPluginJar : add touchsensing
2026-04-02 22:13:02,314 [INFO] IPUIPlugin:80 - create IPUIPlugin
2026-04-02 22:13:02,314 [INFO] PluginManager:220 - loadIPPluginJar : add tracer_emb
2026-04-02 22:13:02,339 [INFO] IPUIPlugin:80 - create IPUIPlugin
2026-04-02 22:13:02,339 [INFO] PluginManager:220 - loadIPPluginJar : add ts
2026-04-02 22:13:02,367 [INFO] IPUIPlugin:80 - create IPUIPlugin
2026-04-02 22:13:02,367 [INFO] PluginManager:220 - loadIPPluginJar : add tsc
2026-04-02 22:13:02,398 [INFO] IPUIPlugin:80 - create IPUIPlugin
2026-04-02 22:13:02,398 [INFO] PluginManager:220 - loadIPPluginJar : add ucpd
2026-04-02 22:13:02,461 [INFO] IPUIPlugin:80 - create IPUIPlugin
2026-04-02 22:13:02,461 [INFO] PluginManager:220 - loadIPPluginJar : add usart
2026-04-02 22:13:02,533 [INFO] IPUIPlugin:80 - create IPUIPlugin
2026-04-02 22:13:02,533 [INFO] PluginManager:220 - loadIPPluginJar : add usbx
2026-04-02 22:13:02,655 [FATAL] Updater:351 - Updater called before beeing initialized
2026-04-02 22:13:02,683 [INFO] RulesReader:64 - Compatibility file has been processed (317 Rules)
2026-04-02 22:13:02,692 [INFO] RulesReader:64 - Compatibility file has been processed (317 Rules)
2026-04-02 22:13:02,700 [INFO] CADModel:165 - CPN selected for project level
2026-04-02 22:13:02,700 [INFO] CADModel:114 - Register for checkConnection events
2026-04-02 22:13:02,700 [FATAL] Updater:351 - Updater called before beeing initialized
2026-04-02 22:13:02,700 [ERROR] CADModel:125 - Updater not yet initialized, retry later 
2026-04-02 22:13:02,806 [FATAL] Updater:351 - Updater called before beeing initialized
2026-04-02 22:13:02,808 [INFO] CADModel:165 - CPN selected for project level
2026-04-02 22:13:02,808 [INFO] CADModel:114 - Register for checkConnection events
2026-04-02 22:13:02,808 [FATAL] Updater:351 - Updater called before beeing initialized
2026-04-02 22:13:02,808 [ERROR] CADModel:125 - Updater not yet initialized, retry later 
2026-04-02 22:13:02,811 [FATAL] Updater:351 - Updater called before beeing initialized
2026-04-02 22:13:02,885 [FATAL] Updater:351 - Updater called before beeing initialized
2026-04-02 22:13:02,896 [INFO] DbMcusAds:53 - JSON generation date=Thu Jan 08 11:03:33 COT 2026 (1767888213674)
2026-04-02 22:13:02,896 [FATAL] Updater:351 - Updater called before beeing initialized
2026-04-02 22:13:02,929 [WARN] DetailPanel:346 - Failed to get advertising image, set to default
2026-04-02 22:13:02,982 [FATAL] Updater:351 - Updater called before beeing initialized
2026-04-02 22:13:02,983 [FATAL] Updater:351 - Updater called before beeing initialized
2026-04-02 22:13:02,984 [FATAL] Updater:351 - Updater called before beeing initialized
2026-04-02 22:13:02,984 [WARN] DetailPanel:346 - Failed to get advertising image, set to default
2026-04-02 22:13:02,984 [FATAL] Updater:351 - Updater called before beeing initialized
2026-04-02 22:13:03,024 [ERROR] Updater:1198 - MainUpdater not yet initialized. External WinMGr cannot be set.
2026-04-02 22:13:03,032 [INFO] Updater:1134 - Updater Version found : 6.15.0
2026-04-02 22:13:03,046 [INFO] ApplicationProperties:184 - Using Application install path: C:\ST\STM32CubeIDE_1.19.0\STM32CubeIDE\plugins\com.st.stm32cube.common.mx_6.15.0.202507011659
2026-04-02 22:13:03,290 [INFO] ThirdPartyUpdaterWithRetryManager:70 - Updater plugin not ready yet. [2/15]
2026-04-02 22:13:04,633 [ERROR] LogOutputStream:75 - [STDERR_REDIRECT] Apr 02, 2026 10:13:04 PM java.util.prefs.WindowsPreferences <init>
2026-04-02 22:13:04,635 [ERROR] LogOutputStream:75 - [STDERR_REDIRECT] WARNING: Could not open/create prefs root node Software\JavaSoft\Prefs at root 0xffffffff80000002. Windows RegCreateKeyEx(...) returned error code 5.
2026-04-02 22:13:04,635 [ERROR] LogOutputStream:75 - [STDERR_REDIRECT] 
2026-04-02 22:13:04,877 [INFO] MainUpdater:2872 - connection check result : 10
2026-04-02 22:13:04,877 [INFO] MainUpdater:3604 - Updater definition file requires update
2026-04-02 22:13:04,878 [INFO] MainUpdater:289 - Updater Check For Update Now.
2026-04-02 22:13:04,878 [INFO] MicroXplorer:498 - Change Database Version : DB.6.0.150
2026-04-02 22:13:04,895 [INFO] McuFinderGlobals:63 - Set McuFinder mode to 2 (CubeIDE integrated)
2026-04-02 22:13:04,895 [INFO] UserAuth:171 - activating auth plugin
2026-04-02 22:13:04,898 [INFO] UserAuth:487 - Internet connection configuration mode: 1
2026-04-02 22:13:04,921 [INFO] JxBrowserEngine:152 - Initiate JxBrowser Engine with user profile folder
2026-04-02 22:13:05,883 [INFO] ServerAccessManage:452 - Complete download http(s) 200
2026-04-02 22:13:05,884 [INFO] ServerAccessManage:509 - Download File updaters.zip
2026-04-02 22:13:05,961 [INFO] FileExtend:248 - Unzip File : updaters.zip
2026-04-02 22:13:05,961 [INFO] FileExtend:263 - Standard Zip Deflate
2026-04-02 22:13:06,131 [INFO] WebApp:169 - Instantiating new browser for Auth
2026-04-02 22:13:06,291 [WARN] MainUpdater:1193 - Updater busy. Cannot search thirdparties
2026-04-02 22:13:06,291 [INFO] ThirdPartyUpdaterWithRetryManager:96 - Updater plugin is busy. [1/15]
2026-04-02 22:13:06,908 [INFO] WebApp:463 - Apply proxy settings
2026-04-02 22:13:06,909 [INFO] WebApp:548 - Chromium requires no authentication
2026-04-02 22:13:06,930 [INFO] WebApp:491 - Direct internet connection detected
2026-04-02 22:13:06,974 [INFO] WebApp:900 - Register for checkConnection events
2026-04-02 22:13:06,974 [INFO] WebApp:463 - Apply proxy settings
2026-04-02 22:13:06,974 [INFO] WebApp:548 - Chromium requires no authentication
2026-04-02 22:13:06,974 [INFO] WebApp:491 - Direct internet connection detected
2026-04-02 22:13:07,135 [INFO] ServerAccessManage:452 - Complete download http(s) 200
2026-04-02 22:13:07,135 [INFO] ServerAccessManage:509 - Download File PacksControlFlags.xml
2026-04-02 22:13:07,136 [INFO] WebApp:225 - Starting web application
2026-04-02 22:13:07,137 [INFO] WebApp:593 - Web application path used C:\ST\STM32CubeIDE_1.19.0\STM32CubeIDE\plugins\com.st.stm32cube.common.mx_6.15.0.202507011659\db\plugins\mcufinder\reactClient1\index.html
2026-04-02 22:13:07,796 [INFO] ServerAccessManage:452 - Complete download http(s) 200
2026-04-02 22:13:07,796 [INFO] ServerAccessManage:509 - Download File cubemx.pidx
2026-04-02 22:13:08,240 [INFO] WebApp:191 - Connection restablished
2026-04-02 22:13:08,674 [INFO] ServerAccessManage:452 - Complete download http(s) 200
2026-04-02 22:13:08,674 [INFO] ServerAccessManage:509 - Download File STMicroelectronics.FP-SNS-MOTENVWB1.pdsc
2026-04-02 22:13:09,293 [WARN] MainUpdater:1193 - Updater busy. Cannot search thirdparties
2026-04-02 22:13:09,293 [INFO] ThirdPartyUpdaterWithRetryManager:96 - Updater plugin is busy. [2/15]
2026-04-02 22:13:11,515 [INFO] ServerAccessManage:452 - Complete download http(s) 200
2026-04-02 22:13:11,516 [INFO] ServerAccessManage:509 - Download File STMicroelectronics.X-CUBE-FREERTOS.pdsc
2026-04-02 22:13:12,294 [WARN] MainUpdater:1193 - Updater busy. Cannot search thirdparties
2026-04-02 22:13:12,294 [INFO] ThirdPartyUpdaterWithRetryManager:96 - Updater plugin is busy. [3/15]
2026-04-02 22:13:15,296 [WARN] MainUpdater:1193 - Updater busy. Cannot search thirdparties
2026-04-02 22:13:15,296 [INFO] ThirdPartyUpdaterWithRetryManager:96 - Updater plugin is busy. [4/15]
2026-04-02 22:13:16,326 [INFO] ServerAccessManage:452 - Complete download http(s) 200
2026-04-02 22:13:16,326 [INFO] ServerAccessManage:509 - Download File STMicroelectronics.X-CUBE-NFC6.pdsc
2026-04-02 22:13:18,269 [INFO] ServerAccessManage:452 - Complete download http(s) 200
2026-04-02 22:13:18,270 [INFO] ServerAccessManage:509 - Download File STMicroelectronics.X-CUBE-STSE01.pdsc
2026-04-02 22:13:18,297 [WARN] MainUpdater:1193 - Updater busy. Cannot search thirdparties
2026-04-02 22:13:18,297 [INFO] ThirdPartyUpdaterWithRetryManager:96 - Updater plugin is busy. [5/15]
2026-04-02 22:13:20,123 [INFO] ServerAccessManage:452 - Complete download http(s) 200
2026-04-02 22:13:20,124 [INFO] ServerAccessManage:509 - Download File STMicroelectronics.X-CUBE-TOUCHGFX.pdsc
2026-04-02 22:13:21,297 [WARN] MainUpdater:1193 - Updater busy. Cannot search thirdparties
2026-04-02 22:13:21,297 [INFO] ThirdPartyUpdaterWithRetryManager:96 - Updater plugin is busy. [6/15]
2026-04-02 22:13:24,299 [WARN] MainUpdater:1193 - Updater busy. Cannot search thirdparties
2026-04-02 22:13:24,299 [INFO] ThirdPartyUpdaterWithRetryManager:96 - Updater plugin is busy. [7/15]
2026-04-02 22:13:27,302 [WARN] MainUpdater:1193 - Updater busy. Cannot search thirdparties
2026-04-02 22:13:27,302 [INFO] ThirdPartyUpdaterWithRetryManager:96 - Updater plugin is busy. [8/15]
2026-04-02 22:13:30,303 [WARN] MainUpdater:1193 - Updater busy. Cannot search thirdparties
2026-04-02 22:13:30,305 [INFO] ThirdPartyUpdaterWithRetryManager:96 - Updater plugin is busy. [9/15]
2026-04-02 22:13:32,815 [INFO] ServerAccessManage:452 - Complete download http(s) 200
2026-04-02 22:13:32,816 [INFO] ServerAccessManage:509 - Download File STMicroelectronics.X-CUBE-AZRTOS-H7.pdsc
2026-04-02 22:13:33,306 [WARN] MainUpdater:1193 - Updater busy. Cannot search thirdparties
2026-04-02 22:13:33,307 [INFO] ThirdPartyUpdaterWithRetryManager:96 - Updater plugin is busy. [10/15]
2026-04-02 22:13:36,309 [WARN] MainUpdater:1193 - Updater busy. Cannot search thirdparties
2026-04-02 22:13:36,309 [INFO] ThirdPartyUpdaterWithRetryManager:96 - Updater plugin is busy. [11/15]
2026-04-02 22:13:37,381 [WARN] PackLoader:240 - Cannot read IP mode file for STMicroelectronics.FP-SNS-MOTENVWB1.1.5.0
2026-04-02 22:13:37,392 [WARN] PackLoader:240 - Cannot read IP mode file for STMicroelectronics.X-CUBE-FREERTOS.1.5.0
2026-04-02 22:13:37,401 [WARN] PackLoader:240 - Cannot read IP mode file for STMicroelectronics.X-CUBE-NFC6.3.2.0
2026-04-02 22:13:37,409 [WARN] PackLoader:240 - Cannot read IP mode file for STMicroelectronics.X-CUBE-STSE01.2.0.0
2026-04-02 22:13:37,415 [WARN] PackLoader:240 - Cannot read IP mode file for STMicroelectronics.X-CUBE-TOUCHGFX.4.26.1
2026-04-02 22:13:37,428 [WARN] PackLoader:240 - Cannot read IP mode file for STMicroelectronics.X-CUBE-AZRTOS-H7.3.5.0
2026-04-02 22:13:37,432 [INFO] PopulateThirdPartyThread:66 - Ending populate Thread
2026-04-02 22:13:37,433 [INFO] ThirdParty:1030 - CMSIS Pack Vendor :STMicroelectronics X-CUBE-FREERTOS 1.5.0
2026-04-02 22:13:37,433 [INFO] ThirdParty:1030 - CMSIS Pack Vendor :STMicroelectronics X-CUBE-AZRTOS-H7 3.5.0
2026-04-02 22:13:37,433 [INFO] ThirdParty:1030 - CMSIS Pack Vendor :STMicroelectronics FP-SNS-MOTENVWB1 1.5.0
2026-04-02 22:13:37,433 [INFO] ThirdParty:1030 - CMSIS Pack Vendor :STMicroelectronics X-CUBE-STSE01 2.0.0
2026-04-02 22:13:37,433 [INFO] ThirdParty:1030 - CMSIS Pack Vendor :STMicroelectronics X-CUBE-TOUCHGFX 4.26.1
2026-04-02 22:13:37,433 [INFO] ThirdParty:1030 - CMSIS Pack Vendor :STMicroelectronics X-CUBE-NFC6 3.2.0
2026-04-02 22:13:37,433 [INFO] LoadServerUpdatesThread:375 - End of LoadServerUpdate Thread
2026-04-02 22:13:37,523 [INFO] CheckServerUpdateThread:120 - End of CheckServer Thread
2026-04-02 22:13:39,426 [WARN] PackLoader:240 - Cannot read IP mode file for STMicroelectronics.X-CUBE-AZRTOS-H7.3.5.0
2026-04-02 22:13:39,432 [WARN] PackLoader:240 - Cannot read IP mode file for STMicroelectronics.FP-SNS-MOTENVWB1.1.4.0
2026-04-02 22:13:39,436 [WARN] PackLoader:240 - Cannot read IP mode file for STMicroelectronics.FP-ATR-ASTRA1.2.0.2
2026-04-02 22:13:39,446 [WARN] PackLoader:240 - Cannot read IP mode file for STMicroelectronics.X-CUBE-SMBUS.2.1.0
2026-04-02 22:13:39,473 [WARN] PackLoader:240 - Cannot read IP mode file for STMicroelectronics.X-CUBE-AZRTOS-F7.1.1.0
2026-04-02 22:13:39,484 [WARN] PackLoader:240 - Cannot read IP mode file for STMicroelectronics.FP-SNS-MOTENV1.5.1.0
2026-04-02 22:13:39,498 [WARN] PackLoader:240 - Cannot read IP mode file for WES.I-CUBE-Cesium.1.4.0
2026-04-02 22:13:39,524 [WARN] PackLoader:240 - Cannot read IP mode file for STMicroelectronics.X-CUBE-AZRTOS-H7.3.4.0
2026-04-02 22:13:39,535 [WARN] PackLoader:240 - Cannot read IP mode file for STMicroelectronics.X-CUBE-DISPLAY.3.0.0
2026-04-02 22:13:39,538 [WARN] PackLoader:240 - Cannot read IP mode file for STMicroelectronics.FP-SNS-MOTENVWB1.1.5.0
2026-04-02 22:13:39,551 [WARN] PackLoader:240 - Cannot read IP mode file for STMicroelectronics.X-CUBE-NFC10.1.0.0
2026-04-02 22:13:39,565 [WARN] PackLoader:240 - Cannot read IP mode file for STMicroelectronics.X-CUBE-ST60.1.1.0
2026-04-02 22:13:39,578 [WARN] PackLoader:240 - Cannot read IP mode file for emotas.I-CUBE-CANOPEN.1.3.0
2026-04-02 22:13:39,588 [WARN] PackLoader:240 - Cannot read IP mode file for STMicroelectronics.X-CUBE-GNSS1.7.1.0
2026-04-02 22:13:39,601 [WARN] PackLoader:240 - Cannot read IP mode file for STMicroelectronics.FP-SNS-STBOX1.2.1.0
2026-04-02 22:13:39,615 [WARN] PackLoader:240 - Cannot read IP mode file for STMicroelectronics.FP-SNS-SMARTAG2.1.2.0
2026-04-02 22:13:39,619 [WARN] PackLoader:240 - Cannot read IP mode file for STMicroelectronics.FP-SNS-FLIGHT1.5.1.0
2026-04-02 22:13:39,633 [INFO] LogOutputStream:77 - [STDOUT_REDIRECT] 1 : Invalid condition id : UX_CORESTACK_Condition cause : null
2026-04-02 22:13:39,633 [INFO] LogOutputStream:77 - [STDOUT_REDIRECT] 1 : Invalid condition id : UX_CORESTACK_Condition cause : null
2026-04-02 22:13:39,634 [INFO] LogOutputStream:77 - [STDOUT_REDIRECT] 1 : Invalid condition id : UX_CORESTACK_Condition cause : null
2026-04-02 22:13:39,634 [INFO] LogOutputStream:77 - [STDOUT_REDIRECT] 1 : Invalid condition id : UX_CORESTACK_Condition cause : null
2026-04-02 22:13:39,634 [INFO] LogOutputStream:77 - [STDOUT_REDIRECT] 1 : Invalid condition id : UX_CORESTACK_Condition cause : null
2026-04-02 22:13:39,635 [WARN] PackLoader:240 - Cannot read IP mode file for STMicroelectronics.X-CUBE-AZRTOS-WL.2.0.0
2026-04-02 22:13:39,655 [WARN] PackLoader:240 - Cannot read IP mode file for STMicroelectronics.X-CUBE-AZRTOS-H7RS.1.2.0
2026-04-02 22:13:39,666 [WARN] PackLoader:240 - Cannot read IP mode file for STMicroelectronics.X-CUBE-BLE2.3.3.0
2026-04-02 22:13:39,713 [WARN] PackLoader:240 - Cannot read IP mode file for Infineon.AIROC-Wi-Fi-Bluetooth-STM32.1.8.0
2026-04-02 22:13:39,727 [WARN] PackLoader:240 - Cannot read IP mode file for STMicroelectronics.X-CUBE-NFC9.1.0.0
2026-04-02 22:13:39,738 [WARN] PackLoader:240 - Cannot read IP mode file for wolfSSL.I-CUBE-wolfSSL.5.8.2
2026-04-02 22:13:39,749 [WARN] PackLoader:240 - Cannot read IP mode file for STMicroelectronics.X-CUBE-BLE1.7.1.0
2026-04-02 22:13:39,753 [WARN] PackLoader:240 - Cannot read IP mode file for wolfSSL.I-CUBE-wolfMQTT.1.19.2
2026-04-02 22:13:39,765 [WARN] PackLoader:240 - Cannot read IP mode file for STMicroelectronics.X-CUBE-FREERTOS.1.4.0
2026-04-02 22:13:39,777 [WARN] PackLoader:240 - Cannot read IP mode file for STMicroelectronics.X-CUBE-EEPRMA1.5.2.0
2026-04-02 22:13:39,781 [WARN] PackLoader:240 - Cannot read IP mode file for Cesanta.I-CUBE-Mongoose.7.20.0
2026-04-02 22:13:39,795 [WARN] PackLoader:240 - Cannot read IP mode file for STMicroelectronics.X-CUBE-ST67W61.1.1.0
2026-04-02 22:13:39,823 [WARN] PackLoader:240 - Cannot read IP mode file for STMicroelectronics.X-CUBE-MEMS1.12.0.0
2026-04-02 22:13:39,874 [WARN] PackLoader:240 - Cannot read IP mode file for STMicroelectronics.X-CUBE-AZRTOS-G0.1.1.0
2026-04-02 22:13:39,889 [WARN] PackLoader:240 - Cannot read IP mode file for STMicroelectronics.X-CUBE-NFC4.3.0.0
2026-04-02 22:13:39,906 [WARN] PackLoader:240 - Cannot read IP mode file for EmbeddedOffice.I-CUBE-FS-RTOS.1.0.1
2026-04-02 22:13:39,917 [WARN] PackLoader:240 - Cannot read IP mode file for STMicroelectronics.X-CUBE-WB05N.2.0.0
2026-04-02 22:13:39,920 [WARN] PackLoader:240 - Cannot read IP mode file for wolfSSL.I-CUBE-wolfTPM.3.8.0
2026-04-02 22:13:39,931 [WARN] PackLoader:240 - Cannot read IP mode file for STMicroelectronics.X-CUBE-TCPP.4.2.0
2026-04-02 22:13:39,947 [WARN] PackLoader:240 - Cannot read IP mode file for RealThread.X-CUBE-RT-Thread_Nano.4.1.1
2026-04-02 22:13:39,950 [WARN] PackLoader:240 - Cannot read IP mode file for STMicroelectronics.FP-ATR-SIGFOX1.3.2.0
2026-04-02 22:13:39,954 [WARN] PackLoader:240 - Cannot read IP mode file for STMicroelectronics.X-CUBE-FREERTOS.1.5.0
2026-04-02 22:13:39,966 [WARN] PackLoader:240 - Cannot read IP mode file for ITTIA_DB.I-CUBE-ITTIADB.8.9.0
2026-04-02 22:13:39,969 [WARN] PackLoader:240 - Cannot read IP mode file for STMicroelectronics.X-CUBE-NFC6.3.2.0
2026-04-02 22:13:39,985 [WARN] PackLoader:240 - Cannot read IP mode file for STMicroelectronics.X-CUBE-AI.10.2.0
2026-04-02 22:13:40,017 [WARN] PackLoader:240 - Cannot read IP mode file for SEGGER.I-CUBE-embOS.1.3.1
2026-04-02 22:13:40,047 [WARN] PackLoader:240 - Cannot read IP mode file for STMicroelectronics.X-CUBE-ALGOBUILD.1.4.0
2026-04-02 22:13:40,058 [WARN] PackLoader:240 - Cannot read IP mode file for STMicroelectronics.X-CUBE-PM33A1.1.0.0
2026-04-02 22:13:40,079 [WARN] PackLoader:240 - Cannot read IP mode file for STMicroelectronics.X-CUBE-AZRTOS-F4.1.1.0
2026-04-02 22:13:40,091 [WARN] PackLoader:240 - Cannot read IP mode file for STMicroelectronics.X-CUBE-ISPU.2.1.0
2026-04-02 22:13:40,108 [WARN] PackLoader:240 - Cannot read IP mode file for STMicroelectronics.X-CUBE-IPS.3.2.0
2026-04-02 22:13:40,127 [WARN] PackLoader:240 - Cannot read IP mode file for STMicroelectronics.X-CUBE-NFC12.1.0.0
2026-04-02 22:13:40,148 [WARN] PackLoader:240 - Cannot read IP mode file for STMicroelectronics.X-CUBE-AZRTOS-L5.2.0.0
2026-04-02 22:13:40,159 [WARN] PackLoader:240 - Cannot read IP mode file for STMicroelectronics.X-CUBE-NFC6.3.1.0
2026-04-02 22:13:40,171 [WARN] PackLoader:240 - Cannot read IP mode file for STMicroelectronics.X-CUBE-TOUCHGFX.4.26.0
2026-04-02 22:13:40,173 [WARN] PackLoader:240 - Cannot read IP mode file for STMicroelectronics.X-CUBE-TOUCHGFX.4.26.1
2026-04-02 22:13:40,358 [WARN] PackLoader:240 - Cannot read IP mode file for STMicroelectronics.FP-SNS-STAIOTCFT.1.0.0
2026-04-02 22:13:40,373 [WARN] PackLoader:240 - Cannot read IP mode file for STMicroelectronics.X-CUBE-DPower.1.3.0
2026-04-02 22:13:40,393 [WARN] ConditionMgr:438 - getConditionDescription Invalid condition id : LAN8742 Phy interface Condition cause : null
2026-04-02 22:13:40,393 [WARN] PackLoader:240 - Cannot read IP mode file for STMicroelectronics.X-CUBE-AZRTOS-L4.2.0.0
2026-04-02 22:13:40,393 [WARN] ConditionMgr:1044 - genDependencies : Invalid condition id : LAN8742 Phy interface Condition cause : null
2026-04-02 22:13:40,393 [WARN] ConditionMgr:1044 - genDependencies : Invalid condition id : LAN8742 Phy interface Condition cause : null
2026-04-02 22:13:40,394 [WARN] ConditionMgr:1044 - genDependencies : Invalid condition id : LAN8742 Phy interface Condition cause : null
2026-04-02 22:13:40,405 [WARN] PackLoader:240 - Cannot read IP mode file for STMicroelectronics.X-CUBE-SFXS2LP1.4.0.0
2026-04-02 22:13:40,414 [WARN] PackLoader:240 - Cannot read IP mode file for STMicroelectronics.X-CUBE-ST67W61.1.2.0
2026-04-02 22:13:40,434 [WARN] PackLoader:240 - Cannot read IP mode file for STMicroelectronics.X-CUBE-BLEMGR.4.1.0
2026-04-02 22:13:40,450 [WARN] ConditionMgr:438 - getConditionDescription Invalid condition id : UX DEVICE CLASS RTOS Condition cause : null
2026-04-02 22:13:40,450 [WARN] ConditionMgr:438 - getConditionDescription Invalid condition id : UX DEVICE CLASS RTOS Condition cause : null
2026-04-02 22:13:40,451 [WARN] PackLoader:240 - Cannot read IP mode file for STMicroelectronics.X-CUBE-AZRTOS-WB.2.0.0
2026-04-02 22:13:40,451 [WARN] ConditionMgr:1044 - genDependencies : Invalid condition id : UX DEVICE CLASS RTOS Condition cause : null
2026-04-02 22:13:40,451 [WARN] ConditionMgr:1044 - genDependencies : Invalid condition id : UX DEVICE CLASS RTOS Condition cause : null
2026-04-02 22:13:40,451 [WARN] ConditionMgr:1044 - genDependencies : Invalid condition id : UX DEVICE CLASS RTOS Condition cause : null
2026-04-02 22:13:40,451 [WARN] ConditionMgr:1044 - genDependencies : Invalid condition id : UX DEVICE CLASS RTOS Condition cause : null
2026-04-02 22:13:40,451 [WARN] ConditionMgr:1044 - genDependencies : Invalid condition id : UX DEVICE CLASS RTOS Condition cause : null
2026-04-02 22:13:40,454 [WARN] ConditionMgr:438 - getConditionDescription Invalid condition id : Cortex-A Device cause : null
2026-04-02 22:13:40,465 [WARN] ConditionMgr:1044 - genDependencies : Invalid condition id : Cortex-A Device cause : null
2026-04-02 22:13:40,465 [WARN] ConditionMgr:1044 - genDependencies : Invalid condition id : Cortex-A Device cause : null
2026-04-02 22:13:40,465 [WARN] ConditionMgr:1044 - genDependencies : Invalid condition id : Cortex-A Device cause : null
2026-04-02 22:13:40,469 [WARN] PackLoader:240 - Cannot read IP mode file for STMicroelectronics.X-CUBE-STSE01.2.0.0
2026-04-02 22:13:40,482 [WARN] PackLoader:240 - Cannot read IP mode file for STMicroelectronics.X-CUBE-SUBG2.5.0.0
2026-04-02 22:13:40,500 [WARN] PackLoader:240 - Cannot read IP mode file for STMicroelectronics.X-CUBE-AZRTOS-G4.2.0.0
2026-04-02 22:13:40,503 [WARN] PackLoader:240 - Cannot read IP mode file for wolfSSL.I-CUBE-wolfSSH.1.4.20
2026-04-02 22:13:40,514 [WARN] PackLoader:240 - Cannot read IP mode file for STMicroelectronics.X-CUBE-NFC7.2.0.0
2026-04-02 22:13:40,524 [WARN] PackLoader:240 - Cannot read IP mode file for STMicroelectronics.X-CUBE-ALS.1.0.2
2026-04-02 22:13:40,534 [WARN] PackLoader:240 - Cannot read IP mode file for STMicroelectronics.X-CUBE-STSE01.1.0.0
2026-04-02 22:13:40,548 [WARN] PackLoader:240 - Cannot read IP mode file for STMicroelectronics.X-CUBE-TOF1.3.4.3
2026-04-02 22:13:40,552 [INFO] ThirdParty:978 - Integrity check success = true
2026-04-02 22:13:40,552 [INFO] IntegrityCheckThread:100 - exiting critical section [integrity check]
2026-04-02 22:13:40,552 [INFO] IntegrityCheckThread:103 - End integrity checks thread
